2025-04-07 15:31:00,495 [INFO] Activator:176 - 


2025-04-07 15:31:00,496 [INFO] Activator:177 - !SESSION log4j initialized
2025-04-07 15:31:04,816 [INFO] LogOutputStream:77 - [STDOUT_REDIRECT] 
2025-04-07 15:31:07,927 [INFO] ApplicationProperties:184 - Using Application install path: /opt/st/stm32cubeide_1.18.0/plugins/com.st.stm32cube.common.mx_6.14.0.202502271554
2025-04-07 15:31:07,949 [INFO] DbMcusXml:78 - Set database path to: /opt/st/stm32cubeide_1.18.0/plugins/com.st.stm32cube.common.mx_6.14.0.202502271554//db//mcu/
2025-04-07 15:31:07,949 [INFO] ApiDb:274 - Set plugin database path to: /opt/st/stm32cubeide_1.18.0/plugins/com.st.stm32cube.common.mx_6.14.0.202502271554//db//plugins/boardmanager/
2025-04-07 15:31:07,950 [WARN] ApiDb:259 - Overriding images path with different value:  => /opt/st/stm32cubeide_1.18.0/plugins/com.st.stm32cube.common.mx_6.14.0.202502271554//db//plugins/mcufinder/images/
2025-04-07 15:31:07,955 [INFO] ApiDb:250 - Set database path to: /home/lenovo/.stmcufinder/plugins/mcufinder//mcu/
2025-04-07 15:31:07,957 [INFO] DbMcusAds:125 - Set database path to: /home/lenovo/.stmcufinder/plugins/mcufinder//mcu/
2025-04-07 15:31:07,959 [INFO] CrossReferenceDbSqlite:203 - Set database path to: /home/lenovo/.stmcufinder/plugins/mcufinder//mcu/cs/
2025-04-07 15:31:08,209 [INFO] RulesReader:64 - Compatibility file has been processed (301 Rules)
2025-04-07 15:31:08,330 [INFO] DbMcusXml:78 - Set database path to: /opt/st/stm32cubeide_1.18.0/plugins/com.st.stm32cube.common.mx_6.14.0.202502271554//db//mcu/
2025-04-07 15:31:08,330 [INFO] ApiDb:274 - Set plugin database path to: /opt/st/stm32cubeide_1.18.0/plugins/com.st.stm32cube.common.mx_6.14.0.202502271554//db//plugins/boardmanager/
2025-04-07 15:31:08,330 [INFO] ApiDb:261 - Set plugin images path to: /opt/st/stm32cubeide_1.18.0/plugins/com.st.stm32cube.common.mx_6.14.0.202502271554//db//plugins/mcufinder/images/
2025-04-07 15:31:08,330 [WARN] DbFile:41 - Overriding database path with different value: /home/lenovo/.stmcufinder/plugins/mcufinder/ => /home/lenovo/.stmcufinder/plugins/mcufinder
2025-04-07 15:31:08,331 [INFO] ApiDb:250 - Set database path to: /home/lenovo/.stmcufinder/plugins/mcufinder//mcu/
2025-04-07 15:31:08,331 [WARN] DbFile:41 - Overriding database path with different value: /home/lenovo/.stmcufinder/plugins/mcufinder/ => /home/lenovo/.stmcufinder/plugins/mcufinder
2025-04-07 15:31:08,331 [INFO] DbMcusAds:125 - Set database path to: /home/lenovo/.stmcufinder/plugins/mcufinder//mcu/
2025-04-07 15:31:08,331 [WARN] DbFile:41 - Overriding database path with different value: /home/lenovo/.stmcufinder/plugins/mcufinder/ => /home/lenovo/.stmcufinder/plugins/mcufinder
2025-04-07 15:31:08,331 [WARN] DbFile:41 - Overriding database path with different value: /home/lenovo/.stmcufinder/plugins/mcufinder/ => /home/lenovo/.stmcufinder/plugins/mcufinder
2025-04-07 15:31:08,331 [INFO] CrossReferenceDbSqlite:203 - Set database path to: /home/lenovo/.stmcufinder/plugins/mcufinder//mcu/cs/
2025-04-07 15:31:08,447 [INFO] MainPanel:272 - HeapMemory: 268435456
2025-04-07 15:31:08,852 [INFO] DbMcusXml:78 - Set database path to: /opt/st/stm32cubeide_1.18.0/plugins/com.st.stm32cube.common.mx_6.14.0.202502271554//db//mcu/
2025-04-07 15:31:08,855 [INFO] ApiDb:274 - Set plugin database path to: /opt/st/stm32cubeide_1.18.0/plugins/com.st.stm32cube.common.mx_6.14.0.202502271554//db//plugins/boardmanager/
2025-04-07 15:31:08,856 [INFO] ApiDb:261 - Set plugin images path to: /opt/st/stm32cubeide_1.18.0/plugins/com.st.stm32cube.common.mx_6.14.0.202502271554//db//plugins/mcufinder/images/
2025-04-07 15:31:08,856 [WARN] DbFile:41 - Overriding database path with different value: /home/lenovo/.stmcufinder/plugins/mcufinder/ => /home/lenovo/.stmcufinder/plugins/mcufinder
2025-04-07 15:31:08,856 [INFO] ApiDb:250 - Set database path to: /home/lenovo/.stmcufinder/plugins/mcufinder//mcu/
2025-04-07 15:31:08,856 [WARN] DbFile:41 - Overriding database path with different value: /home/lenovo/.stmcufinder/plugins/mcufinder/ => /home/lenovo/.stmcufinder/plugins/mcufinder
2025-04-07 15:31:08,857 [INFO] DbMcusAds:125 - Set database path to: /home/lenovo/.stmcufinder/plugins/mcufinder//mcu/
2025-04-07 15:31:08,863 [WARN] DbFile:41 - Overriding database path with different value: /home/lenovo/.stmcufinder/plugins/mcufinder/ => /home/lenovo/.stmcufinder/plugins/mcufinder
2025-04-07 15:31:08,863 [WARN] DbFile:41 - Overriding database path with different value: /home/lenovo/.stmcufinder/plugins/mcufinder/ => /home/lenovo/.stmcufinder/plugins/mcufinder
2025-04-07 15:31:08,863 [INFO] CrossReferenceDbSqlite:203 - Set database path to: /home/lenovo/.stmcufinder/plugins/mcufinder//mcu/cs/
2025-04-07 15:31:08,911 [INFO] ApplicationProperties:184 - Using Application install path: /opt/st/stm32cubeide_1.18.0/plugins/com.st.stm32cube.common.mx_6.14.0.202502271554
2025-04-07 15:31:08,914 [INFO] PluginManage:196 - Search for loadable plugins [exclusion list=, ]
2025-04-07 15:31:08,916 [INFO] PluginManage:310 - Check plugin analytics
2025-04-07 15:31:09,254 [INFO] AnalyticsPlugin:253 - Accepted Software Licenses: STM32CubeMX.6.14.0,STM32CubeMX.6.4.0
2025-04-07 15:31:09,255 [INFO] AnalyticsPlugin:255 - Accepted CMSIS Pack Licenses: 
2025-04-07 15:31:09,255 [INFO] AnalyticsPlugin:257 - Accepted Firmware Licenses: 
2025-04-07 15:31:09,264 [INFO] PluginManage:359 - Loaded plugin analytics (category:tool,tabindex:-1)
2025-04-07 15:31:09,265 [INFO] PluginManage:310 - Check plugin cadmodel
2025-04-07 15:31:09,272 [INFO] CADModel:105 - Init CAD model plugin
2025-04-07 15:31:09,272 [INFO] PluginManage:359 - Loaded plugin cadmodel (category:power,tabindex:5)
2025-04-07 15:31:09,272 [INFO] PluginManage:310 - Check plugin clock
2025-04-07 15:31:09,288 [INFO] PluginManage:359 - Loaded plugin clock (category:base,tabindex:2)
2025-04-07 15:31:09,288 [INFO] PluginManage:310 - Check plugin ddr
2025-04-07 15:31:09,293 [INFO] PluginManage:359 - Loaded plugin ddr (category:tool,tabindex:6)
2025-04-07 15:31:09,294 [INFO] PluginManage:310 - Check plugin filemanager
2025-04-07 15:31:09,589 [INFO] PluginManage:359 - Loaded plugin filemanager (category:base,tabindex:10)
2025-04-07 15:31:09,589 [INFO] PluginManage:310 - Check plugin ipmanager
2025-04-07 15:31:09,601 [INFO] PluginManage:359 - Loaded plugin ipmanager (category:base,tabindex:5)
2025-04-07 15:31:09,601 [INFO] PluginManage:310 - Check plugin lpbam
2025-04-07 15:31:09,622 [INFO] PluginManage:359 - Loaded plugin lpbam (category:base,tabindex:0)
2025-04-07 15:31:09,622 [INFO] PluginManage:310 - Check plugin memorymap
2025-04-07 15:31:09,642 [INFO] PluginManage:359 - Loaded plugin memorymap (category:base,tabindex:4)
2025-04-07 15:31:09,643 [INFO] PluginManage:310 - Check plugin pinoutandconfiguration
2025-04-07 15:31:09,658 [INFO] PluginManage:359 - Loaded plugin pinoutandconfiguration (category:base,tabindex:1)
2025-04-07 15:31:09,658 [INFO] PluginManage:310 - Check plugin pinoutconfig
2025-04-07 15:31:09,884 [WARN] SupportedApi:132 - Cannot load RTOS API schema: s4s-elt-must-match.1: The content of 'definitions' must match (annotation?, (simpleType | complexType)?, (unique | key | keyref)*)). A problem was found starting at: attribute.
2025-04-07 15:31:10,092 [INFO] PluginManage:359 - Loaded plugin pinoutconfig (category:base,tabindex:0)
2025-04-07 15:31:10,092 [INFO] PluginManage:310 - Check plugin power
2025-04-07 15:31:10,103 [INFO] PluginManage:359 - Loaded plugin power (category:power,tabindex:4)
2025-04-07 15:31:10,104 [INFO] PluginManage:310 - Check plugin projectmanager
2025-04-07 15:31:10,123 [INFO] PluginManage:359 - Loaded plugin projectmanager (category:projectmanager,tabindex:4)
2025-04-07 15:31:10,123 [INFO] PluginManage:310 - Check plugin rif
2025-04-07 15:31:10,130 [INFO] PluginManage:359 - Loaded plugin rif (category:base,tabindex:3)
2025-04-07 15:31:10,131 [INFO] PluginManage:310 - Check plugin thirdparty
2025-04-07 15:31:10,306 [INFO] PluginManage:359 - Loaded plugin thirdparty (category:base,tabindex:-1)
2025-04-07 15:31:10,306 [WARN] IntegrityCheckThread:84 - waiting for thirdparty lock release [integrity check]
2025-04-07 15:31:10,307 [INFO] IntegrityCheckThread:86 - entering critical section [integrity check]
2025-04-07 15:31:10,308 [INFO] ThirdPartyUpdaterWithRetryManager:70 - Updater plugin not ready yet. [1/15]
2025-04-07 15:31:10,308 [INFO] PluginManage:310 - Check plugin tools
2025-04-07 15:31:10,311 [INFO] PluginManage:359 - Loaded plugin tools (category:base,tabindex:7)
2025-04-07 15:31:10,311 [INFO] PluginManage:310 - Check plugin tutovideos
2025-04-07 15:31:10,522 [INFO] PluginManage:359 - Loaded plugin tutovideos (category:base,tabindex:-1)
2025-04-07 15:31:10,522 [INFO] PluginManage:310 - Check plugin updater
2025-04-07 15:31:10,557 [INFO] PluginManage:359 - Loaded plugin updater (category:base,tabindex:12)
2025-04-07 15:31:10,557 [INFO] PluginManage:310 - Check plugin userauth
2025-04-07 15:31:10,562 [INFO] UserAuth:118 - Init User Auth plugin
2025-04-07 15:31:10,564 [INFO] PluginManage:359 - Loaded plugin userauth (category:base,tabindex:14)
2025-04-07 15:31:10,565 [INFO] PluginManage:283 - PluginManage : Loaded plugins [18]
2025-04-07 15:31:10,892 [INFO] PinOutPanel:1589 - setPackage(No Configuration,No Configuration)
2025-04-07 15:31:11,020 [INFO] CADModel:165 - CPN selected for project level
2025-04-07 15:31:11,020 [INFO] CADModel:114 - Register for checkConnection events
2025-04-07 15:31:11,038 [INFO] IPUIPlugin:80 - create IPUIPlugin
2025-04-07 15:31:11,040 [INFO] PluginManager:220 - loadIPPluginJar : add dma3
2025-04-07 15:31:11,045 [INFO] IPUIPlugin:80 - create IPUIPlugin
2025-04-07 15:31:11,046 [INFO] PluginManager:220 - loadIPPluginJar : add gpio
2025-04-07 15:31:11,047 [INFO] IPUIPlugin:80 - create IPUIPlugin
2025-04-07 15:31:11,047 [INFO] PluginManager:220 - loadIPPluginJar : add quadspi
2025-04-07 15:31:11,058 [INFO] IPUIPlugin:80 - create IPUIPlugin
2025-04-07 15:31:11,058 [INFO] PluginManager:220 - loadIPPluginJar : add stm32_wpan
2025-04-07 15:31:11,060 [INFO] IPUIPlugin:80 - create IPUIPlugin
2025-04-07 15:31:11,060 [INFO] PluginManager:220 - loadIPPluginJar : add radio
2025-04-07 15:31:11,063 [INFO] IPUIPlugin:80 - create IPUIPlugin
2025-04-07 15:31:11,063 [INFO] PluginManager:220 - loadIPPluginJar : add i3c
2025-04-07 15:31:11,067 [INFO] IPUIPlugin:80 - create IPUIPlugin
2025-04-07 15:31:11,067 [INFO] PluginManager:220 - loadIPPluginJar : add touchsensing
2025-04-07 15:31:11,070 [INFO] IPUIPlugin:80 - create IPUIPlugin
2025-04-07 15:31:11,071 [INFO] PluginManager:220 - loadIPPluginJar : add aes
2025-04-07 15:31:11,073 [INFO] IPUIPlugin:80 - create IPUIPlugin
2025-04-07 15:31:11,073 [INFO] PluginManager:220 - loadIPPluginJar : add ucpd
2025-04-07 15:31:11,080 [INFO] IPUIPlugin:80 - create IPUIPlugin
2025-04-07 15:31:11,080 [INFO] PluginManager:220 - loadIPPluginJar : add gic
2025-04-07 15:31:11,087 [INFO] IPUIPlugin:80 - create IPUIPlugin
2025-04-07 15:31:11,088 [INFO] PluginManager:220 - loadIPPluginJar : add adc
2025-04-07 15:31:11,091 [INFO] IPUIPlugin:80 - create IPUIPlugin
2025-04-07 15:31:11,091 [INFO] PluginManager:220 - loadIPPluginJar : add pdm2pcm
2025-04-07 15:31:11,094 [INFO] IPUIPlugin:80 - create IPUIPlugin
2025-04-07 15:31:11,094 [INFO] PluginManager:220 - loadIPPluginJar : add openamp
2025-04-07 15:31:11,096 [INFO] IPUIPlugin:80 - create IPUIPlugin
2025-04-07 15:31:11,096 [INFO] PluginManager:220 - loadIPPluginJar : add ltdc
2025-04-07 15:31:11,101 [INFO] IPUIPlugin:80 - create IPUIPlugin
2025-04-07 15:31:11,101 [INFO] PluginManager:220 - loadIPPluginJar : add fmc
2025-04-07 15:31:11,104 [INFO] IPUIPlugin:80 - create IPUIPlugin
2025-04-07 15:31:11,104 [INFO] PluginManager:220 - loadIPPluginJar : add tracer_emb
2025-04-07 15:31:11,106 [INFO] IPUIPlugin:80 - create IPUIPlugin
2025-04-07 15:31:11,106 [INFO] PluginManager:220 - loadIPPluginJar : add spi
2025-04-07 15:31:11,111 [INFO] IPUIPlugin:80 - create IPUIPlugin
2025-04-07 15:31:11,111 [INFO] PluginManager:220 - loadIPPluginJar : add nvic
2025-04-07 15:31:11,113 [INFO] IPUIPlugin:80 - create IPUIPlugin
2025-04-07 15:31:11,113 [INFO] PluginManager:220 - loadIPPluginJar : add genericplugin
2025-04-07 15:31:11,114 [INFO] IPUIPlugin:80 - create IPUIPlugin
2025-04-07 15:31:11,115 [INFO] PluginManager:220 - loadIPPluginJar : add comp
2025-04-07 15:31:11,117 [INFO] IPUIPlugin:80 - create IPUIPlugin
2025-04-07 15:31:11,117 [INFO] PluginManager:220 - loadIPPluginJar : add hash
2025-04-07 15:31:11,125 [INFO] IPUIPlugin:80 - create IPUIPlugin
2025-04-07 15:31:11,125 [INFO] PluginManager:220 - loadIPPluginJar : add mdma
2025-04-07 15:31:11,129 [INFO] IPUIPlugin:80 - create IPUIPlugin
2025-04-07 15:31:11,129 [INFO] PluginManager:220 - loadIPPluginJar : add usart
2025-04-07 15:31:11,131 [INFO] IPUIPlugin:80 - create IPUIPlugin
2025-04-07 15:31:11,132 [INFO] PluginManager:220 - loadIPPluginJar : add tim
2025-04-07 15:31:11,138 [INFO] IPUIPlugin:80 - create IPUIPlugin
2025-04-07 15:31:11,138 [INFO] PluginManager:220 - loadIPPluginJar : add dma
2025-04-07 15:31:11,140 [INFO] IPUIPlugin:80 - create IPUIPlugin
2025-04-07 15:31:11,140 [INFO] PluginManager:220 - loadIPPluginJar : add gfxmmu
2025-04-07 15:31:11,145 [INFO] IPUIPlugin:80 - create IPUIPlugin
2025-04-07 15:31:11,145 [INFO] PluginManager:220 - loadIPPluginJar : add ipddr
2025-04-07 15:31:11,149 [INFO] IPUIPlugin:80 - create IPUIPlugin
2025-04-07 15:31:11,149 [INFO] PluginManager:220 - loadIPPluginJar : add extmemmanager
2025-04-07 15:31:11,152 [INFO] IPUIPlugin:80 - create IPUIPlugin
2025-04-07 15:31:11,152 [INFO] PluginManager:220 - loadIPPluginJar : add can
2025-04-07 15:31:11,157 [INFO] IPUIPlugin:80 - create IPUIPlugin
2025-04-07 15:31:11,158 [INFO] PluginManager:220 - loadIPPluginJar : add resmgrutility
2025-04-07 15:31:11,161 [INFO] IPUIPlugin:80 - create IPUIPlugin
2025-04-07 15:31:11,161 [INFO] PluginManager:220 - loadIPPluginJar : add lorawan
2025-04-07 15:31:11,168 [INFO] IPUIPlugin:80 - create IPUIPlugin
2025-04-07 15:31:11,168 [INFO] PluginManager:220 - loadIPPluginJar : add linkedlist
2025-04-07 15:31:11,173 [INFO] IPUIPlugin:80 - create IPUIPlugin
2025-04-07 15:31:11,174 [INFO] PluginManager:220 - loadIPPluginJar : add freertos
2025-04-07 15:31:11,175 [INFO] IPUIPlugin:80 - create IPUIPlugin
2025-04-07 15:31:11,176 [INFO] PluginManager:220 - loadIPPluginJar : add tsc
2025-04-07 15:31:11,178 [INFO] IPUIPlugin:80 - create IPUIPlugin
2025-04-07 15:31:11,178 [INFO] PluginManager:220 - loadIPPluginJar : add i2s
2025-04-07 15:31:11,182 [INFO] IPUIPlugin:80 - create IPUIPlugin
2025-04-07 15:31:11,182 [INFO] PluginManager:220 - loadIPPluginJar : add usbx
2025-04-07 15:31:11,185 [INFO] IPUIPlugin:80 - create IPUIPlugin
2025-04-07 15:31:11,185 [INFO] PluginManager:220 - loadIPPluginJar : add gtzc
2025-04-07 15:31:11,193 [INFO] IPUIPlugin:80 - create IPUIPlugin
2025-04-07 15:31:11,196 [INFO] PluginManager:220 - loadIPPluginJar : add plateformsettings
2025-04-07 15:31:11,198 [INFO] IPUIPlugin:80 - create IPUIPlugin
2025-04-07 15:31:11,198 [INFO] PluginManager:220 - loadIPPluginJar : add fatfs
2025-04-07 15:31:11,200 [INFO] IPUIPlugin:80 - create IPUIPlugin
2025-04-07 15:31:11,201 [INFO] PluginManager:220 - loadIPPluginJar : add cryp
2025-04-07 15:31:11,204 [INFO] IPUIPlugin:80 - create IPUIPlugin
2025-04-07 15:31:11,204 [INFO] PluginManager:220 - loadIPPluginJar : add sai
2025-04-07 15:31:11,207 [INFO] IPUIPlugin:80 - create IPUIPlugin
2025-04-07 15:31:11,207 [INFO] PluginManager:220 - loadIPPluginJar : add i2c
2025-04-07 15:31:11,210 [INFO] IPUIPlugin:80 - create IPUIPlugin
2025-04-07 15:31:11,210 [INFO] PluginManager:220 - loadIPPluginJar : add dfsdm
2025-04-07 15:31:11,213 [INFO] IPUIPlugin:80 - create IPUIPlugin
2025-04-07 15:31:11,213 [INFO] PluginManager:220 - loadIPPluginJar : add opamp
2025-04-07 15:31:11,217 [INFO] IPUIPlugin:80 - create IPUIPlugin
2025-04-07 15:31:11,217 [INFO] PluginManager:220 - loadIPPluginJar : add ddr_ctrl_phy
2025-04-07 15:31:11,219 [INFO] IPUIPlugin:80 - create IPUIPlugin
2025-04-07 15:31:11,219 [INFO] PluginManager:220 - loadIPPluginJar : add ts
2025-04-07 15:31:11,334 [FATAL] Updater:351 - Updater called before beeing initialized
2025-04-07 15:31:11,382 [INFO] RulesReader:64 - Compatibility file has been processed (301 Rules)
2025-04-07 15:31:11,403 [INFO] RulesReader:64 - Compatibility file has been processed (301 Rules)
2025-04-07 15:31:11,413 [INFO] CADModel:165 - CPN selected for project level
2025-04-07 15:31:11,414 [INFO] CADModel:114 - Register for checkConnection events
2025-04-07 15:31:11,414 [FATAL] Updater:351 - Updater called before beeing initialized
2025-04-07 15:31:11,414 [ERROR] CADModel:125 - Updater not yet initialized, retry later 
2025-04-07 15:31:11,560 [FATAL] Updater:351 - Updater called before beeing initialized
2025-04-07 15:31:11,562 [INFO] CADModel:165 - CPN selected for project level
2025-04-07 15:31:11,562 [INFO] CADModel:114 - Register for checkConnection events
2025-04-07 15:31:11,562 [FATAL] Updater:351 - Updater called before beeing initialized
2025-04-07 15:31:11,562 [ERROR] CADModel:125 - Updater not yet initialized, retry later 
2025-04-07 15:31:11,565 [FATAL] Updater:351 - Updater called before beeing initialized
2025-04-07 15:31:11,675 [FATAL] Updater:351 - Updater called before beeing initialized
2025-04-07 15:31:11,679 [INFO] DbMcusAds:53 - JSON generation date=Thu Mar 06 20:24:22 IST 2025 (1741272862297)
2025-04-07 15:31:11,680 [FATAL] Updater:351 - Updater called before beeing initialized
2025-04-07 15:31:11,725 [WARN] DetailPanel:346 - Failed to get advertising image, set to default
2025-04-07 15:31:12,065 [FATAL] Updater:351 - Updater called before beeing initialized
2025-04-07 15:31:12,067 [FATAL] Updater:351 - Updater called before beeing initialized
2025-04-07 15:31:12,067 [FATAL] Updater:351 - Updater called before beeing initialized
2025-04-07 15:31:12,067 [WARN] DetailPanel:346 - Failed to get advertising image, set to default
2025-04-07 15:31:12,068 [FATAL] Updater:351 - Updater called before beeing initialized
2025-04-07 15:31:12,109 [ERROR] Updater:1198 - MainUpdater not yet initialized. External WinMGr cannot be set.
2025-04-07 15:31:12,111 [INFO] Updater:1134 - Updater Version found : 6.14.0
2025-04-07 15:31:12,132 [INFO] ApplicationProperties:184 - Using Application install path: /opt/st/stm32cubeide_1.18.0/plugins/com.st.stm32cube.common.mx_6.14.0.202502271554
2025-04-07 15:31:12,160 [INFO] MainUpdater:525 - Copy updater definitions from MX database
2025-04-07 15:31:12,210 [INFO] MainUpdater:558 - Copy flag file definitions from MX database
2025-04-07 15:31:12,211 [INFO] MainUpdater:574 - Copy thirdparty index definitions from MX database
2025-04-07 15:31:12,212 [INFO] MainUpdater:593 - Copy default thirdparty db definitions from MX database
2025-04-07 15:31:12,484 [INFO] MainUpdater:2872 - connection check result : 10
2025-04-07 15:31:12,484 [INFO] MainUpdater:3566 - Updater definition file requires update
2025-04-07 15:31:12,485 [INFO] MainUpdater:289 - Updater Check For Update Now.
2025-04-07 15:31:12,486 [INFO] MicroXplorer:498 - Change Database Version : DB.6.0.140
2025-04-07 15:31:12,495 [INFO] McuFinderGlobals:63 - Set McuFinder mode to 2 (CubeIDE integrated)
2025-04-07 15:31:12,496 [INFO] UserAuth:171 - activating auth plugin
2025-04-07 15:31:12,500 [INFO] UserAuth:486 - Internet connection configuration mode: 1
2025-04-07 15:31:12,519 [INFO] JxBrowserEngine:152 - Initiate JxBrowser Engine with user profile folder
2025-04-07 15:31:12,549 [INFO] ServerAccessManage:473 - Download File updaters.zip
2025-04-07 15:31:12,754 [INFO] FileExtend:242 - Unzip File : updaters.zip
2025-04-07 15:31:12,754 [INFO] FileExtend:257 - Standard Zip Deflate
2025-04-07 15:31:13,242 [INFO] ServerAccessManage:473 - Download File PacksControlFlags.xml
2025-04-07 15:31:13,311 [WARN] MainUpdater:1193 - Updater busy. Cannot search thirdparties
2025-04-07 15:31:13,311 [INFO] ThirdPartyUpdaterWithRetryManager:96 - Updater plugin is busy. [1/15]
2025-04-07 15:31:13,443 [INFO] ServerAccessManage:473 - Download File cubemx.pidx
2025-04-07 15:31:13,797 [INFO] ServerAccessManage:473 - Download File STMicroelectronics.FP-ATR-ASTRA1.pdsc
2025-04-07 15:31:14,757 [INFO] ServerAccessManage:473 - Download File STMicroelectronics.FP-ATR-SIGFOX1.pdsc
2025-04-07 15:31:15,735 [INFO] ServerAccessManage:473 - Download File STMicroelectronics.FP-SNS-STBOX1.pdsc
2025-04-07 15:31:16,142 [INFO] ServerAccessManage:473 - Download File STMicroelectronics.FP-SNS-FLIGHT1.pdsc
2025-04-07 15:31:16,312 [WARN] MainUpdater:1193 - Updater busy. Cannot search thirdparties
2025-04-07 15:31:16,312 [INFO] ThirdPartyUpdaterWithRetryManager:96 - Updater plugin is busy. [2/15]
2025-04-07 15:31:16,857 [INFO] ServerAccessManage:473 - Download File STMicroelectronics.FP-SNS-MOTENV1.pdsc
2025-04-07 15:31:18,191 [INFO] WebApp:169 - Instantiating new browser for Auth
2025-04-07 15:31:18,932 [INFO] ServerAccessManage:473 - Download File STMicroelectronics.FP-SNS-MOTENVWB1.pdsc
2025-04-07 15:31:19,312 [WARN] MainUpdater:1193 - Updater busy. Cannot search thirdparties
2025-04-07 15:31:19,313 [INFO] ThirdPartyUpdaterWithRetryManager:96 - Updater plugin is busy. [3/15]
2025-04-07 15:31:20,147 [INFO] WebApp:463 - Apply proxy settings
2025-04-07 15:31:20,148 [INFO] WebApp:548 - Chromium requires no authentication
2025-04-07 15:31:20,166 [INFO] WebApp:491 - Direct internet connection detected
2025-04-07 15:31:20,224 [INFO] WebApp:894 - Register for checkConnection events
2025-04-07 15:31:20,224 [INFO] WebApp:463 - Apply proxy settings
2025-04-07 15:31:20,225 [INFO] WebApp:548 - Chromium requires no authentication
2025-04-07 15:31:20,229 [INFO] WebApp:491 - Direct internet connection detected
2025-04-07 15:31:20,611 [INFO] WebApp:225 - Starting web application
2025-04-07 15:31:20,611 [INFO] WebApp:593 - Web application path used /opt/st/stm32cubeide_1.18.0/plugins/com.st.stm32cube.common.mx_6.14.0.202502271554/db/plugins/mcufinder/reactClient1/index.html
2025-04-07 15:31:20,638 [INFO] ServerAccessManage:473 - Download File STMicroelectronics.FP-SNS-SMARTAG2.pdsc
2025-04-07 15:31:21,081 [INFO] WebApp:191 - Connection restablished
2025-04-07 15:31:21,242 [INFO] ServerAccessManage:473 - Download File STMicroelectronics.X-CUBE-AI.pdsc
2025-04-07 15:31:22,314 [WARN] MainUpdater:1193 - Updater busy. Cannot search thirdparties
2025-04-07 15:31:22,314 [INFO] ThirdPartyUpdaterWithRetryManager:96 - Updater plugin is busy. [4/15]
2025-04-07 15:31:23,620 [INFO] ServerAccessManage:473 - Download File STMicroelectronics.X-CUBE-ALS.pdsc
2025-04-07 15:31:24,561 [INFO] ServerAccessManage:473 - Download File STMicroelectronics.X-CUBE-BLE1.pdsc
2025-04-07 15:31:25,315 [WARN] MainUpdater:1193 - Updater busy. Cannot search thirdparties
2025-04-07 15:31:25,452 [INFO] ThirdPartyUpdaterWithRetryManager:96 - Updater plugin is busy. [5/15]
2025-04-07 15:31:26,746 [ERROR] ServerAccessManage:1089 - Problem, file not found on Server
2025-04-07 15:31:27,436 [INFO] ServerAccessManage:473 - Download File STMicroelectronics.X-CUBE-BLE2.pdsc
2025-04-07 15:31:28,453 [WARN] MainUpdater:1193 - Updater busy. Cannot search thirdparties
2025-04-07 15:31:28,454 [INFO] ThirdPartyUpdaterWithRetryManager:96 - Updater plugin is busy. [6/15]
2025-04-07 15:31:31,455 [WARN] MainUpdater:1193 - Updater busy. Cannot search thirdparties
2025-04-07 15:31:31,455 [INFO] ThirdPartyUpdaterWithRetryManager:96 - Updater plugin is busy. [7/15]
2025-04-07 15:31:32,151 [INFO] ServerAccessManage:473 - Download File STMicroelectronics.X-CUBE-BLEMGR.pdsc
2025-04-07 15:31:32,795 [ERROR] ServerAccessManage:1089 - Problem, file not found on Server
2025-04-07 15:31:34,456 [WARN] MainUpdater:1193 - Updater busy. Cannot search thirdparties
2025-04-07 15:31:34,456 [INFO] ThirdPartyUpdaterWithRetryManager:96 - Updater plugin is busy. [8/15]
2025-04-07 15:31:34,752 [INFO] ServerAccessManage:473 - Download File STMicroelectronics.X-CUBE-DISPLAY.pdsc
2025-04-07 15:31:37,163 [INFO] ServerAccessManage:473 - Download File STMicroelectronics.X-CUBE-DPOWER.pdsc
2025-04-07 15:31:37,457 [WARN] MainUpdater:1193 - Updater busy. Cannot search thirdparties
2025-04-07 15:31:37,458 [INFO] ThirdPartyUpdaterWithRetryManager:96 - Updater plugin is busy. [9/15]
2025-04-07 15:31:38,107 [ERROR] ServerAccessManage:1089 - Problem, file not found on Server
2025-04-07 15:31:38,365 [ERROR] ServerAccessManage:1089 - Problem, file not found on Server
2025-04-07 15:31:38,695 [ERROR] ServerAccessManage:1089 - Problem, file not found on Server
2025-04-07 15:31:39,230 [ERROR] ServerAccessManage:1089 - Problem, file not found on Server
2025-04-07 15:31:39,709 [ERROR] ServerAccessManage:1089 - Problem, file not found on Server
2025-04-07 15:31:40,190 [ERROR] ServerAccessManage:1089 - Problem, file not found on Server
2025-04-07 15:31:40,459 [WARN] MainUpdater:1193 - Updater busy. Cannot search thirdparties
2025-04-07 15:31:40,459 [INFO] ThirdPartyUpdaterWithRetryManager:96 - Updater plugin is busy. [10/15]
2025-04-07 15:31:40,668 [ERROR] ServerAccessManage:1089 - Problem, file not found on Server
2025-04-07 15:31:40,902 [ERROR] ServerAccessManage:1089 - Problem, file not found on Server
2025-04-07 15:31:41,126 [ERROR] ServerAccessManage:1089 - Problem, file not found on Server
2025-04-07 15:31:41,597 [ERROR] ServerAccessManage:1089 - Problem, file not found on Server
2025-04-07 15:31:41,946 [ERROR] ServerAccessManage:1089 - Problem, file not found on Server
2025-04-07 15:31:42,628 [INFO] ServerAccessManage:473 - Download File STMicroelectronics.X-CUBE-EEPRMA1.pdsc
2025-04-07 15:31:43,460 [WARN] MainUpdater:1193 - Updater busy. Cannot search thirdparties
2025-04-07 15:31:43,460 [INFO] ThirdPartyUpdaterWithRetryManager:96 - Updater plugin is busy. [11/15]
2025-04-07 15:31:44,029 [ERROR] ServerAccessManage:1089 - Problem, file not found on Server
2025-04-07 15:31:45,474 [ERROR] ServerAccessManage:1089 - Problem, file not found on Server
2025-04-07 15:31:46,460 [WARN] MainUpdater:1193 - Updater busy. Cannot search thirdparties
2025-04-07 15:31:46,461 [INFO] ThirdPartyUpdaterWithRetryManager:96 - Updater plugin is busy. [12/15]
2025-04-07 15:31:47,019 [INFO] ServerAccessManage:473 - Download File STMicroelectronics.X-CUBE-FREERTOS.pdsc
2025-04-07 15:31:47,577 [INFO] ServerAccessManage:473 - Download File STMicroelectronics.X-CUBE-GNSS1.pdsc
2025-04-07 15:31:49,466 [WARN] MainUpdater:1193 - Updater busy. Cannot search thirdparties
2025-04-07 15:31:49,466 [INFO] ThirdPartyUpdaterWithRetryManager:96 - Updater plugin is busy. [13/15]
2025-04-07 15:31:49,858 [ERROR] ServerAccessManage:1089 - Problem, file not found on Server
2025-04-07 15:31:50,332 [ERROR] ServerAccessManage:1089 - Problem, file not found on Server
2025-04-07 15:31:50,564 [ERROR] ServerAccessManage:1089 - Problem, file not found on Server
2025-04-07 15:31:50,782 [ERROR] ServerAccessManage:1089 - Problem, file not found on Server
2025-04-07 15:31:51,248 [ERROR] ServerAccessManage:1089 - Problem, file not found on Server
2025-04-07 15:31:51,871 [ERROR] ServerAccessManage:1089 - Problem, file not found on Server
2025-04-07 15:31:52,368 [INFO] ServerAccessManage:473 - Download File STMicroelectronics.X-CUBE-ISPU.pdsc
2025-04-07 15:31:52,466 [WARN] MainUpdater:1193 - Updater busy. Cannot search thirdparties
2025-04-07 15:31:52,467 [INFO] ThirdPartyUpdaterWithRetryManager:96 - Updater plugin is busy. [14/15]
2025-04-07 15:31:54,401 [INFO] ServerAccessManage:473 - Download File STMicroelectronics.X-CUBE-IPS.pdsc
2025-04-07 15:31:55,469 [WARN] MainUpdater:1193 - Updater busy. Cannot search thirdparties
2025-04-07 15:31:55,469 [INFO] ThirdPartyUpdaterWithRetryManager:96 - Updater plugin is busy. [15/15]
2025-04-07 15:31:55,469 [ERROR] IntegrityCheckThread:130 - Cannot retrieve database content from updater: error -1
2025-04-07 15:31:55,470 [INFO] ThirdParty:978 - Integrity check success = false
2025-04-07 15:31:55,470 [INFO] IntegrityCheckThread:100 - exiting critical section [integrity check]
2025-04-07 15:31:55,470 [INFO] IntegrityCheckThread:103 - End integrity checks thread
2025-04-07 15:31:55,595 [INFO] ServerAccessManage:473 - Download File STMicroelectronics.X-CUBE-MEMS1.pdsc
2025-04-07 15:31:59,573 [INFO] ServerAccessManage:473 - Download File STMicroelectronics.X-CUBE-NFC4.pdsc
2025-04-07 15:32:04,579 [INFO] ServerAccessManage:473 - Download File STMicroelectronics.X-CUBE-NFC6.pdsc
2025-04-07 15:32:06,007 [INFO] ServerAccessManage:473 - Download File STMicroelectronics.X-CUBE-NFC7.pdsc
2025-04-07 15:32:07,743 [INFO] ServerAccessManage:473 - Download File STMicroelectronics.X-CUBE-NFC9.pdsc
2025-04-07 15:32:08,706 [INFO] ServerAccessManage:473 - Download File STMicroelectronics.X-CUBE-NFC10.pdsc
2025-04-07 15:32:09,709 [INFO] ServerAccessManage:473 - Download File STMicroelectronics.X-CUBE-SFXS2LP1.pdsc
2025-04-07 15:32:12,204 [INFO] ServerAccessManage:473 - Download File STMicroelectronics.X-CUBE-SAFEA1.pdsc
2025-04-07 15:32:12,991 [INFO] ServerAccessManage:473 - Download File STMicroelectronics.X-CUBE-SUBG2.pdsc
2025-04-07 15:32:17,201 [INFO] ServerAccessManage:473 - Download File STMicroelectronics.X-CUBE-SMBUS.pdsc
2025-04-07 15:32:18,190 [ERROR] ServerAccessManage:1089 - Problem, file not found on Server
2025-04-07 15:32:18,275 [INFO] ServerAccessManage:473 - Download File STMicroelectronics.X-CUBE-TCPP.pdsc
2025-04-07 15:32:18,581 [INFO] ServerAccessManage:473 - Download File STMicroelectronics.X-CUBE-TOF1.pdsc
2025-04-07 15:32:23,414 [ERROR] ServerAccessManage:1089 - Problem, file not found on Server
2025-04-07 15:32:23,596 [INFO] ServerAccessManage:473 - Download File STMicroelectronics.X-CUBE-TOUCHGFX.pdsc
2025-04-07 15:32:26,432 [INFO] ServerAccessManage:473 - Download File STMicroelectronics.X-CUBE-ALGOBUILD.pdsc
2025-04-07 15:32:29,712 [INFO] ServerAccessManage:473 - Download File STMicroelectronics.X-CUBE-AZRTOS-H7.pdsc
2025-04-07 15:32:33,241 [INFO] ServerAccessManage:473 - Download File STMicroelectronics.X-CUBE-AZRTOS-H7RS.pdsc
2025-04-07 15:32:33,936 [INFO] ServerAccessManage:473 - Download File STMicroelectronics.X-CUBE-AZRTOS-F4.pdsc
2025-04-07 15:32:35,375 [INFO] ServerAccessManage:473 - Download File STMicroelectronics.X-CUBE-AZRTOS-F7.pdsc
2025-04-07 15:32:36,710 [INFO] ServerAccessManage:473 - Download File STMicroelectronics.X-CUBE-AZRTOS-L4.pdsc
2025-04-07 15:32:37,789 [INFO] ServerAccessManage:473 - Download File STMicroelectronics.X-CUBE-AZRTOS-L5.pdsc
2025-04-07 15:32:39,624 [INFO] ServerAccessManage:473 - Download File STMicroelectronics.X-CUBE-AZRTOS-G0.pdsc
2025-04-07 15:32:41,149 [INFO] ServerAccessManage:473 - Download File STMicroelectronics.X-CUBE-AZRTOS-G4.pdsc
2025-04-07 15:32:42,641 [INFO] ServerAccessManage:473 - Download File STMicroelectronics.X-CUBE-AZRTOS-WB.pdsc
2025-04-07 15:32:44,190 [INFO] ServerAccessManage:473 - Download File STMicroelectronics.X-CUBE-AZRTOS-WL.pdsc
2025-04-07 15:32:45,312 [INFO] ServerAccessManage:473 - Download File STMicroelectronics.X-CUBE-WB05N.pdsc
2025-04-07 15:32:47,388 [INFO] ServerAccessManage:473 - Download File wolfSSL.I-CUBE-wolfSSL.pdsc
2025-04-07 15:32:55,775 [ERROR] ServerAccessManage:1089 - Problem, file not found on Server
2025-04-07 15:32:56,324 [ERROR] ServerAccessManage:1089 - Problem, file not found on Server
2025-04-07 15:32:56,991 [ERROR] ServerAccessManage:1089 - Problem, file not found on Server
2025-04-07 15:32:57,313 [INFO] ServerAccessManage:473 - Download File wolfSSL.I-CUBE-wolfMQTT.pdsc
2025-04-07 15:32:59,288 [ERROR] ServerAccessManage:1089 - Problem, file not found on Server
2025-04-07 15:32:59,547 [INFO] ServerAccessManage:473 - Download File wolfSSL.I-CUBE-wolfTPM.pdsc
2025-04-07 15:33:02,337 [INFO] ServerAccessManage:473 - Download File wolfSSL.I-CUBE-wolfSSH.pdsc
2025-04-07 15:33:06,136 [INFO] ServerAccessManage:473 - Download File RealThread.X-CUBE-RT-Thread_Nano.pdsc
2025-04-07 15:33:07,317 [INFO] ServerAccessManage:473 - Download File SEGGER.I-CUBE-embOS.pdsc
2025-04-07 15:33:10,210 [INFO] ServerAccessManage:473 - Download File portGmbH.I-Cube-SoM-uGOAL.pdsc
2025-04-07 15:33:12,241 [ERROR] ServerAccessManage:1089 - Problem, file not found on Server
2025-04-07 15:33:12,548 [ERROR] ServerAccessManage:1089 - Problem, file not found on Server
2025-04-07 15:33:12,710 [ERROR] ServerAccessManage:1089 - Problem, file not found on Server
2025-04-07 15:33:14,084 [INFO] ServerAccessManage:473 - Download File emotas.I-CUBE-CANOPEN.pdsc
2025-04-07 15:33:16,531 [INFO] ServerAccessManage:473 - Download File WES.I-CUBE-Cesium.pdsc
2025-04-07 15:33:17,484 [ERROR] ServerAccessManage:1089 - Problem, file not found on Server
2025-04-07 15:33:17,994 [ERROR] ServerAccessManage:1089 - Problem, file not found on Server
2025-04-07 15:33:19,910 [INFO] ServerAccessManage:473 - Download File ITTIA_DB.I-CUBE-ITTIADB.pdsc
2025-04-07 15:33:27,286 [INFO] ServerAccessManage:473 - Download File Infineon.AIROC-Wi-Fi-Bluetooth-STM32.pdsc
2025-04-07 15:33:35,708 [INFO] ServerAccessManage:473 - Download File Cesanta.I-CUBE-Mongoose.pdsc
2025-04-07 15:33:39,100 [INFO] ServerAccessManage:473 - Download File EmbeddedOffice.I-CUBE-FS-RTOS.pdsc
2025-04-07 15:33:41,687 [INFO] ServerAccessManage:473 - Download File quantropi.X-CUBE-qispace-sdk-base.pdsc
2025-04-07 15:33:42,924 [WARN] PackLoader:240 - Cannot read IP mode file for STMicroelectronics.FP-ATR-ASTRA1.2.0.2
2025-04-07 15:33:42,946 [WARN] PackLoader:240 - Cannot read IP mode file for STMicroelectronics.FP-ATR-SIGFOX1.3.2.0
2025-04-07 15:33:42,966 [WARN] PackLoader:240 - Cannot read IP mode file for STMicroelectronics.FP-SNS-STBOX1.2.0.0
2025-04-07 15:33:42,968 [WARN] CheckServerUpdateThread:151 - Open CheckUpdateFile Fail
2025-04-07 15:33:42,989 [WARN] PackLoader:240 - Cannot read IP mode file for STMicroelectronics.FP-SNS-FLIGHT1.5.1.0
2025-04-07 15:33:43,007 [WARN] PackLoader:240 - Cannot read IP mode file for STMicroelectronics.FP-SNS-MOTENV1.5.0.0
2025-04-07 15:33:43,017 [WARN] PackLoader:240 - Cannot read IP mode file for STMicroelectronics.FP-SNS-MOTENVWB1.1.4.0
2025-04-07 15:33:43,027 [WARN] PackLoader:240 - Cannot read IP mode file for STMicroelectronics.FP-SNS-SMARTAG2.1.2.0
2025-04-07 15:33:43,038 [WARN] PackLoader:240 - Cannot read IP mode file for STMicroelectronics.X-CUBE-AI.10.0.0
2025-04-07 15:33:43,046 [WARN] PackLoader:240 - Cannot read IP mode file for STMicroelectronics.X-CUBE-ALS.1.0.2
2025-04-07 15:33:43,064 [WARN] PackLoader:240 - Cannot read IP mode file for STMicroelectronics.X-CUBE-BLE1.7.1.0
2025-04-07 15:33:43,079 [WARN] PackLoader:240 - Cannot read IP mode file for STMicroelectronics.X-CUBE-BLE2.3.3.0
2025-04-07 15:33:43,104 [WARN] PackLoader:240 - Cannot read IP mode file for STMicroelectronics.X-CUBE-BLEMGR.4.0.0
2025-04-07 15:33:43,135 [WARN] PackLoader:240 - Cannot read IP mode file for STMicroelectronics.X-CUBE-DISPLAY.3.0.0
2025-04-07 15:33:43,139 [INFO] CheckServerUpdateThread:120 - End of CheckServer Thread
2025-04-07 15:33:43,159 [WARN] PackLoader:240 - Cannot read IP mode file for STMicroelectronics.X-CUBE-DPower.1.3.0
2025-04-07 15:33:43,168 [WARN] PackLoader:240 - Cannot read IP mode file for STMicroelectronics.X-CUBE-EEPRMA1.5.1.0
2025-04-07 15:33:43,178 [WARN] PackLoader:240 - Cannot read IP mode file for STMicroelectronics.X-CUBE-FREERTOS.1.3.0
2025-04-07 15:33:43,186 [WARN] PackLoader:240 - Cannot read IP mode file for STMicroelectronics.X-CUBE-GNSS1.7.0.1
2025-04-07 15:33:43,192 [WARN] PackLoader:240 - Cannot read IP mode file for STMicroelectronics.X-CUBE-ISPU.2.1.0
2025-04-07 15:33:43,290 [WARN] PackLoader:240 - Cannot read IP mode file for STMicroelectronics.X-CUBE-IPS.3.1.0
2025-04-07 15:33:43,451 [WARN] PackLoader:240 - Cannot read IP mode file for STMicroelectronics.X-CUBE-MEMS1.11.1.0
2025-04-07 15:33:43,724 [WARN] PackLoader:240 - Cannot read IP mode file for STMicroelectronics.X-CUBE-NFC4.3.0.0
2025-04-07 15:33:43,733 [WARN] PackLoader:240 - Cannot read IP mode file for STMicroelectronics.X-CUBE-NFC6.3.1.0
2025-04-07 15:33:43,741 [WARN] PackLoader:240 - Cannot read IP mode file for STMicroelectronics.X-CUBE-NFC7.1.0.1
2025-04-07 15:33:43,749 [WARN] PackLoader:240 - Cannot read IP mode file for STMicroelectronics.X-CUBE-NFC9.1.0.0
2025-04-07 15:33:43,758 [WARN] PackLoader:240 - Cannot read IP mode file for STMicroelectronics.X-CUBE-NFC10.1.0.0
2025-04-07 15:33:43,768 [WARN] PackLoader:240 - Cannot read IP mode file for STMicroelectronics.X-CUBE-SFXS2LP1.4.0.0
2025-04-07 15:33:43,776 [WARN] PackLoader:240 - Cannot read IP mode file for STMicroelectronics.X-CUBE-SAFEA1.1.2.2
2025-04-07 15:33:43,789 [WARN] PackLoader:240 - Cannot read IP mode file for STMicroelectronics.X-CUBE-SUBG2.5.0.0
2025-04-07 15:33:43,800 [WARN] PackLoader:240 - Cannot read IP mode file for STMicroelectronics.X-CUBE-SMBUS.2.1.0
2025-04-07 15:33:43,805 [WARN] PackLoader:240 - Cannot read IP mode file for STMicroelectronics.X-CUBE-TCPP.4.2.0
2025-04-07 15:33:43,820 [WARN] PackLoader:240 - Cannot read IP mode file for STMicroelectronics.X-CUBE-TOF1.3.4.2
2025-04-07 15:33:43,841 [WARN] PackLoader:240 - Cannot read IP mode file for STMicroelectronics.X-CUBE-TOUCHGFX.4.25.0
2025-04-07 15:33:43,847 [WARN] PackLoader:240 - Cannot read IP mode file for STMicroelectronics.X-CUBE-ALGOBUILD.1.4.0
2025-04-07 15:33:43,876 [WARN] PackLoader:240 - Cannot read IP mode file for STMicroelectronics.X-CUBE-AZRTOS-H7.3.3.0
2025-04-07 15:33:43,907 [WARN] PackLoader:240 - Cannot read IP mode file for STMicroelectronics.X-CUBE-AZRTOS-H7RS.1.1.0
2025-04-07 15:33:43,927 [WARN] PackLoader:240 - Cannot read IP mode file for STMicroelectronics.X-CUBE-AZRTOS-F4.1.1.0
2025-04-07 15:33:43,945 [WARN] PackLoader:240 - Cannot read IP mode file for STMicroelectronics.X-CUBE-AZRTOS-F7.1.1.0
2025-04-07 15:33:43,963 [WARN] ConditionMgr:438 - getConditionDescription Invalid condition id : LAN8742 Phy interface Condition cause : null
2025-04-07 15:33:43,963 [WARN] PackLoader:240 - Cannot read IP mode file for STMicroelectronics.X-CUBE-AZRTOS-L4.2.0.0
2025-04-07 15:33:43,964 [WARN] ConditionMgr:1044 - genDependencies : Invalid condition id : LAN8742 Phy interface Condition cause : null
2025-04-07 15:33:43,965 [WARN] ConditionMgr:1044 - genDependencies : Invalid condition id : LAN8742 Phy interface Condition cause : null
2025-04-07 15:33:43,965 [WARN] ConditionMgr:1044 - genDependencies : Invalid condition id : LAN8742 Phy interface Condition cause : null
2025-04-07 15:33:43,982 [WARN] PackLoader:240 - Cannot read IP mode file for STMicroelectronics.X-CUBE-AZRTOS-L5.2.0.0
2025-04-07 15:33:43,998 [WARN] PackLoader:240 - Cannot read IP mode file for STMicroelectronics.X-CUBE-AZRTOS-G0.1.1.0
2025-04-07 15:33:44,019 [WARN] PackLoader:240 - Cannot read IP mode file for STMicroelectronics.X-CUBE-AZRTOS-G4.2.0.0
2025-04-07 15:33:44,037 [WARN] ConditionMgr:438 - getConditionDescription Invalid condition id : UX DEVICE CLASS RTOS Condition cause : null
2025-04-07 15:33:44,037 [WARN] ConditionMgr:438 - getConditionDescription Invalid condition id : UX DEVICE CLASS RTOS Condition cause : null
2025-04-07 15:33:44,042 [WARN] PackLoader:240 - Cannot read IP mode file for STMicroelectronics.X-CUBE-AZRTOS-WB.2.0.0
2025-04-07 15:33:44,043 [WARN] ConditionMgr:1044 - genDependencies : Invalid condition id : UX DEVICE CLASS RTOS Condition cause : null
2025-04-07 15:33:44,044 [WARN] ConditionMgr:1044 - genDependencies : Invalid condition id : UX DEVICE CLASS RTOS Condition cause : null
2025-04-07 15:33:44,045 [WARN] ConditionMgr:1044 - genDependencies : Invalid condition id : UX DEVICE CLASS RTOS Condition cause : null
2025-04-07 15:33:44,045 [WARN] ConditionMgr:1044 - genDependencies : Invalid condition id : UX DEVICE CLASS RTOS Condition cause : null
2025-04-07 15:33:44,046 [WARN] ConditionMgr:1044 - genDependencies : Invalid condition id : UX DEVICE CLASS RTOS Condition cause : null
2025-04-07 15:33:44,057 [INFO] LogOutputStream:77 - [STDOUT_REDIRECT] 1 : Invalid condition id : UX_CORESTACK_Condition cause : null
2025-04-07 15:33:44,060 [INFO] LogOutputStream:77 - [STDOUT_REDIRECT] 1 : Invalid condition id : UX_CORESTACK_Condition cause : null
2025-04-07 15:33:44,061 [INFO] LogOutputStream:77 - [STDOUT_REDIRECT] 1 : Invalid condition id : UX_CORESTACK_Condition cause : null
2025-04-07 15:33:44,062 [INFO] LogOutputStream:77 - [STDOUT_REDIRECT] 1 : Invalid condition id : UX_CORESTACK_Condition cause : null
2025-04-07 15:33:44,062 [INFO] LogOutputStream:77 - [STDOUT_REDIRECT] 1 : Invalid condition id : UX_CORESTACK_Condition cause : null
2025-04-07 15:33:44,070 [WARN] PackLoader:240 - Cannot read IP mode file for STMicroelectronics.X-CUBE-AZRTOS-WL.2.0.0
2025-04-07 15:33:44,080 [WARN] PackLoader:240 - Cannot read IP mode file for STMicroelectronics.X-CUBE-WB05N.1.1.0
2025-04-07 15:33:44,084 [WARN] PackLoader:240 - Cannot read IP mode file for wolfSSL.I-CUBE-wolfSSL.5.7.6
2025-04-07 15:33:44,087 [WARN] PackLoader:240 - Cannot read IP mode file for wolfSSL.I-CUBE-wolfMQTT.1.19.2
2025-04-07 15:33:44,090 [WARN] PackLoader:240 - Cannot read IP mode file for wolfSSL.I-CUBE-wolfTPM.3.8.0
2025-04-07 15:33:44,093 [WARN] PackLoader:240 - Cannot read IP mode file for wolfSSL.I-CUBE-wolfSSH.1.4.20
2025-04-07 15:33:44,096 [WARN] PackLoader:240 - Cannot read IP mode file for RealThread.X-CUBE-RT-Thread_Nano.4.1.1
2025-04-07 15:33:44,156 [WARN] PackLoader:240 - Cannot read IP mode file for SEGGER.I-CUBE-embOS.1.3.1
2025-04-07 15:33:44,239 [WARN] PackLoader:240 - Cannot read IP mode file for portGmbH.I-Cube-SoM-uGOAL.1.1.0
2025-04-07 15:33:44,243 [WARN] PackLoader:240 - Cannot read IP mode file for emotas.I-CUBE-CANOPEN.1.3.0
2025-04-07 15:33:44,249 [WARN] PackLoader:240 - Cannot read IP mode file for WES.I-CUBE-Cesium.1.3.0
2025-04-07 15:33:44,254 [WARN] PackLoader:240 - Cannot read IP mode file for ITTIA_DB.I-CUBE-ITTIADB.8.9.0
2025-04-07 15:33:44,278 [WARN] PackLoader:240 - Cannot read IP mode file for Infineon.AIROC-Wi-Fi-Bluetooth-STM32.1.7.0
2025-04-07 15:33:44,286 [WARN] PackLoader:240 - Cannot read IP mode file for Cesanta.I-CUBE-Mongoose.7.13.0
2025-04-07 15:33:44,295 [WARN] PackLoader:240 - Cannot read IP mode file for EmbeddedOffice.I-CUBE-FS-RTOS.1.0.1
2025-04-07 15:33:44,298 [WARN] ConditionMgr:438 - getConditionDescription Invalid condition id : Cortex-A Device cause : null
2025-04-07 15:33:44,311 [WARN] ConditionMgr:1044 - genDependencies : Invalid condition id : Cortex-A Device cause : null
2025-04-07 15:33:44,311 [WARN] ConditionMgr:1044 - genDependencies : Invalid condition id : Cortex-A Device cause : null
2025-04-07 15:33:44,311 [WARN] ConditionMgr:1044 - genDependencies : Invalid condition id : Cortex-A Device cause : null
2025-04-07 15:33:44,311 [INFO] PopulateThirdPartyThread:66 - Ending populate Thread
2025-04-07 15:33:44,315 [INFO] ThirdParty:1030 - CMSIS Pack Vendor :STMicroelectronics X-CUBE-AZRTOS-H7 3.3.0
2025-04-07 15:33:44,315 [INFO] ThirdParty:1030 - CMSIS Pack Vendor :STMicroelectronics X-CUBE-NFC9 1.0.0
2025-04-07 15:33:44,315 [INFO] ThirdParty:1030 - CMSIS Pack Vendor :STMicroelectronics FP-SNS-MOTENVWB1 1.4.0
2025-04-07 15:33:44,315 [INFO] ThirdParty:1030 - CMSIS Pack Vendor :STMicroelectronics X-CUBE-AZRTOS-F4 1.1.0
2025-04-07 15:33:44,315 [INFO] ThirdParty:1030 - CMSIS Pack Vendor :STMicroelectronics FP-ATR-ASTRA1 2.0.2
2025-04-07 15:33:44,315 [INFO] ThirdParty:1030 - CMSIS Pack Vendor :STMicroelectronics X-CUBE-BLE1 7.1.0
2025-04-07 15:33:44,315 [INFO] ThirdParty:1030 - CMSIS Pack Vendor :STMicroelectronics X-CUBE-SMBUS 2.1.0
2025-04-07 15:33:44,316 [INFO] ThirdParty:1030 - CMSIS Pack Vendor :STMicroelectronics X-CUBE-WB05N 1.1.0
2025-04-07 15:33:44,316 [INFO] ThirdParty:1030 - CMSIS Pack Vendor :wolfSSL I-CUBE-wolfMQTT 1.19.2
2025-04-07 15:33:44,316 [INFO] ThirdParty:1030 - CMSIS Pack Vendor :STMicroelectronics X-CUBE-ISPU 2.1.0
2025-04-07 15:33:44,316 [INFO] ThirdParty:1030 - CMSIS Pack Vendor :STMicroelectronics X-CUBE-AZRTOS-WB 2.0.0
2025-04-07 15:33:44,316 [INFO] ThirdParty:1030 - CMSIS Pack Vendor :STMicroelectronics X-CUBE-GNSS1 7.0.1
2025-04-07 15:33:44,316 [INFO] ThirdParty:1030 - CMSIS Pack Vendor :STMicroelectronics X-CUBE-TOUCHGFX 4.25.0
2025-04-07 15:33:44,316 [INFO] ThirdParty:1030 - CMSIS Pack Vendor :STMicroelectronics X-CUBE-AZRTOS-F7 1.1.0
2025-04-07 15:33:44,316 [INFO] ThirdParty:1030 - CMSIS Pack Vendor :STMicroelectronics X-CUBE-AZRTOS-L5 2.0.0
2025-04-07 15:33:44,316 [INFO] ThirdParty:1030 - CMSIS Pack Vendor :STMicroelectronics X-CUBE-NFC6 3.1.0
2025-04-07 15:33:44,316 [INFO] ThirdParty:1030 - CMSIS Pack Vendor :STMicroelectronics FP-SNS-STBOX1 2.0.0
2025-04-07 15:33:44,316 [INFO] ThirdParty:1030 - CMSIS Pack Vendor :STMicroelectronics X-CUBE-AZRTOS-G0 1.1.0
2025-04-07 15:33:44,316 [INFO] ThirdParty:1030 - CMSIS Pack Vendor :STMicroelectronics X-CUBE-NFC4 3.0.0
2025-04-07 15:33:44,316 [INFO] ThirdParty:1030 - CMSIS Pack Vendor :STMicroelectronics X-CUBE-SAFEA1 1.2.2
2025-04-07 15:33:44,316 [INFO] ThirdParty:1030 - CMSIS Pack Vendor :STMicroelectronics X-CUBE-SUBG2 5.0.0
2025-04-07 15:33:44,316 [INFO] ThirdParty:1030 - CMSIS Pack Vendor :STMicroelectronics X-CUBE-AZRTOS-H7RS 1.1.0
2025-04-07 15:33:44,317 [INFO] ThirdParty:1030 - CMSIS Pack Vendor :EmbeddedOffice I-CUBE-FS-RTOS 1.0.1
2025-04-07 15:33:44,317 [INFO] ThirdParty:1030 - CMSIS Pack Vendor :Cesanta I-CUBE-Mongoose 7.13.0
2025-04-07 15:33:44,317 [INFO] ThirdParty:1030 - CMSIS Pack Vendor :Infineon AIROC-Wi-Fi-Bluetooth-STM32 1.7.0
2025-04-07 15:33:44,317 [INFO] ThirdParty:1030 - CMSIS Pack Vendor :STMicroelectronics X-CUBE-AZRTOS-G4 2.0.0
2025-04-07 15:33:44,317 [INFO] ThirdParty:1030 - CMSIS Pack Vendor :wolfSSL I-CUBE-wolfTPM 3.8.0
2025-04-07 15:33:44,317 [INFO] ThirdParty:1030 - CMSIS Pack Vendor :STMicroelectronics X-CUBE-DISPLAY 3.0.0
2025-04-07 15:33:44,317 [INFO] ThirdParty:1030 - CMSIS Pack Vendor :wolfSSL I-CUBE-wolfSSH 1.4.20
2025-04-07 15:33:44,317 [INFO] ThirdParty:1030 - CMSIS Pack Vendor :STMicroelectronics X-CUBE-TCPP 4.2.0
2025-04-07 15:33:44,317 [INFO] ThirdParty:1030 - CMSIS Pack Vendor :RealThread X-CUBE-RT-Thread_Nano 4.1.1
2025-04-07 15:33:44,317 [INFO] ThirdParty:1030 - CMSIS Pack Vendor :STMicroelectronics FP-ATR-SIGFOX1 3.2.0
2025-04-07 15:33:44,317 [INFO] ThirdParty:1030 - CMSIS Pack Vendor :STMicroelectronics X-CUBE-NFC10 1.0.0
2025-04-07 15:33:44,317 [INFO] ThirdParty:1030 - CMSIS Pack Vendor :STMicroelectronics X-CUBE-BLEMGR 4.0.0
2025-04-07 15:33:44,317 [INFO] ThirdParty:1030 - CMSIS Pack Vendor :STMicroelectronics X-CUBE-EEPRMA1 5.1.0
2025-04-07 15:33:44,317 [INFO] ThirdParty:1030 - CMSIS Pack Vendor :STMicroelectronics X-CUBE-ALS 1.0.2
2025-04-07 15:33:44,317 [INFO] ThirdParty:1030 - CMSIS Pack Vendor :STMicroelectronics X-CUBE-IPS 3.1.0
2025-04-07 15:33:44,318 [INFO] ThirdParty:1030 - CMSIS Pack Vendor :STMicroelectronics X-CUBE-FREERTOS 1.3.0
2025-04-07 15:33:44,318 [INFO] ThirdParty:1030 - CMSIS Pack Vendor :emotas I-CUBE-CANOPEN 1.3.0
2025-04-07 15:33:44,318 [INFO] ThirdParty:1030 - CMSIS Pack Vendor :STMicroelectronics X-CUBE-NFC7 1.0.1
2025-04-07 15:33:44,318 [INFO] ThirdParty:1030 - CMSIS Pack Vendor :wolfSSL I-CUBE-wolfSSL 5.7.6
2025-04-07 15:33:44,318 [INFO] ThirdParty:1030 - CMSIS Pack Vendor :ITTIA_DB I-CUBE-ITTIADB 8.9.0
2025-04-07 15:33:44,318 [INFO] ThirdParty:1030 - CMSIS Pack Vendor :portGmbH I-Cube-SoM-uGOAL 1.1.0
2025-04-07 15:33:44,318 [INFO] ThirdParty:1030 - CMSIS Pack Vendor :STMicroelectronics X-CUBE-AI 10.0.0
2025-04-07 15:33:44,318 [INFO] ThirdParty:1030 - CMSIS Pack Vendor :quantropi X-CUBE-qispace-sdk-base 2.0.0
2025-04-07 15:33:44,318 [INFO] ThirdParty:1030 - CMSIS Pack Vendor :STMicroelectronics FP-SNS-SMARTAG2 1.2.0
2025-04-07 15:33:44,318 [INFO] ThirdParty:1030 - CMSIS Pack Vendor :STMicroelectronics FP-SNS-FLIGHT1 5.1.0
2025-04-07 15:33:44,318 [INFO] ThirdParty:1030 - CMSIS Pack Vendor :STMicroelectronics X-CUBE-MEMS1 11.1.0
2025-04-07 15:33:44,318 [INFO] ThirdParty:1030 - CMSIS Pack Vendor :STMicroelectronics X-CUBE-AZRTOS-WL 2.0.0
2025-04-07 15:33:44,318 [INFO] ThirdParty:1030 - CMSIS Pack Vendor :SEGGER I-CUBE-embOS 1.3.1
2025-04-07 15:33:44,318 [INFO] ThirdParty:1030 - CMSIS Pack Vendor :STMicroelectronics X-CUBE-DPower 1.3.0
2025-04-07 15:33:44,318 [INFO] ThirdParty:1030 - CMSIS Pack Vendor :STMicroelectronics X-CUBE-ALGOBUILD 1.4.0
2025-04-07 15:33:44,319 [INFO] ThirdParty:1030 - CMSIS Pack Vendor :STMicroelectronics FP-SNS-MOTENV1 5.0.0
2025-04-07 15:33:44,319 [INFO] ThirdParty:1030 - CMSIS Pack Vendor :STMicroelectronics X-CUBE-AZRTOS-L4 2.0.0
2025-04-07 15:33:44,319 [INFO] ThirdParty:1030 - CMSIS Pack Vendor :WES I-CUBE-Cesium 1.3.0
2025-04-07 15:33:44,319 [INFO] ThirdParty:1030 - CMSIS Pack Vendor :STMicroelectronics X-CUBE-SFXS2LP1 4.0.0
2025-04-07 15:33:44,319 [INFO] ThirdParty:1030 - CMSIS Pack Vendor :STMicroelectronics X-CUBE-BLE2 3.3.0
2025-04-07 15:33:44,319 [INFO] ThirdParty:1030 - CMSIS Pack Vendor :STMicroelectronics X-CUBE-TOF1 3.4.2
2025-04-07 15:33:44,320 [INFO] LoadServerUpdatesThread:375 - End of LoadServerUpdate Thread
2025-04-07 15:48:38,818 [INFO] LogOutputStream:77 - [STDOUT_REDIRECT] StartTraceHandler.execute(), success : Collect=true
2025-04-07 18:32:20,297 [ERROR] LogOutputStream:75 - [STDERR_REDIRECT] 
