2025-03-04 11:40:03,164 [INFO] Activator:176 - 


2025-03-04 11:40:03,169 [INFO] Activator:177 - !SESSION log4j initialized
2025-03-04 11:40:09,784 [INFO] LogOutputStream:77 - [STDOUT_REDIRECT] 
2025-03-04 11:40:16,252 [INFO] ApplicationProperties:184 - Using Application install path: /opt/st/stm32cubeide_1.17.0/plugins/com.st.stm32cube.common.mx_6.13.0.202411220809
2025-03-04 11:40:16,297 [INFO] DbMcusXml:78 - Set database path to: /opt/st/stm32cubeide_1.17.0/plugins/com.st.stm32cube.common.mx_6.13.0.202411220809//db//mcu/
2025-03-04 11:40:16,298 [INFO] ApiDb:274 - Set plugin database path to: /opt/st/stm32cubeide_1.17.0/plugins/com.st.stm32cube.common.mx_6.13.0.202411220809//db//plugins/boardmanager/
2025-03-04 11:40:16,299 [WARN] ApiDb:259 - Overriding images path with different value:  => /opt/st/stm32cubeide_1.17.0/plugins/com.st.stm32cube.common.mx_6.13.0.202411220809//db//plugins/mcufinder/images/
2025-03-04 11:40:16,314 [INFO] ApiDb:250 - Set database path to: /home/lenovo/.stmcufinder/plugins/mcufinder//mcu/
2025-03-04 11:40:16,316 [INFO] DbMcusAds:125 - Set database path to: /home/lenovo/.stmcufinder/plugins/mcufinder//mcu/
2025-03-04 11:40:16,324 [INFO] CrossReferenceDbSqlite:203 - Set database path to: /home/lenovo/.stmcufinder/plugins/mcufinder//mcu/cs/
2025-03-04 11:40:16,621 [INFO] RulesReader:64 - Compatibility file has been processed (297 Rules)
2025-03-04 11:40:16,835 [INFO] DbMcusXml:78 - Set database path to: /opt/st/stm32cubeide_1.17.0/plugins/com.st.stm32cube.common.mx_6.13.0.202411220809//db//mcu/
2025-03-04 11:40:16,836 [INFO] ApiDb:274 - Set plugin database path to: /opt/st/stm32cubeide_1.17.0/plugins/com.st.stm32cube.common.mx_6.13.0.202411220809//db//plugins/boardmanager/
2025-03-04 11:40:16,836 [INFO] ApiDb:261 - Set plugin images path to: /opt/st/stm32cubeide_1.17.0/plugins/com.st.stm32cube.common.mx_6.13.0.202411220809//db//plugins/mcufinder/images/
2025-03-04 11:40:16,837 [WARN] DbFile:41 - Overriding database path with different value: /home/lenovo/.stmcufinder/plugins/mcufinder/ => /home/lenovo/.stmcufinder/plugins/mcufinder
2025-03-04 11:40:16,839 [INFO] ApiDb:250 - Set database path to: /home/lenovo/.stmcufinder/plugins/mcufinder//mcu/
2025-03-04 11:40:16,840 [WARN] DbFile:41 - Overriding database path with different value: /home/lenovo/.stmcufinder/plugins/mcufinder/ => /home/lenovo/.stmcufinder/plugins/mcufinder
2025-03-04 11:40:16,840 [INFO] DbMcusAds:125 - Set database path to: /home/lenovo/.stmcufinder/plugins/mcufinder//mcu/
2025-03-04 11:40:16,840 [WARN] DbFile:41 - Overriding database path with different value: /home/lenovo/.stmcufinder/plugins/mcufinder/ => /home/lenovo/.stmcufinder/plugins/mcufinder
2025-03-04 11:40:16,842 [WARN] DbFile:41 - Overriding database path with different value: /home/lenovo/.stmcufinder/plugins/mcufinder/ => /home/lenovo/.stmcufinder/plugins/mcufinder
2025-03-04 11:40:16,842 [INFO] CrossReferenceDbSqlite:203 - Set database path to: /home/lenovo/.stmcufinder/plugins/mcufinder//mcu/cs/
2025-03-04 11:40:16,991 [INFO] MainPanel:272 - HeapMemory: 268435456
2025-03-04 11:40:17,475 [INFO] DbMcusXml:78 - Set database path to: /opt/st/stm32cubeide_1.17.0/plugins/com.st.stm32cube.common.mx_6.13.0.202411220809//db//mcu/
2025-03-04 11:40:17,475 [INFO] ApiDb:274 - Set plugin database path to: /opt/st/stm32cubeide_1.17.0/plugins/com.st.stm32cube.common.mx_6.13.0.202411220809//db//plugins/boardmanager/
2025-03-04 11:40:17,476 [INFO] ApiDb:261 - Set plugin images path to: /opt/st/stm32cubeide_1.17.0/plugins/com.st.stm32cube.common.mx_6.13.0.202411220809//db//plugins/mcufinder/images/
2025-03-04 11:40:17,476 [WARN] DbFile:41 - Overriding database path with different value: /home/lenovo/.stmcufinder/plugins/mcufinder/ => /home/lenovo/.stmcufinder/plugins/mcufinder
2025-03-04 11:40:17,477 [INFO] ApiDb:250 - Set database path to: /home/lenovo/.stmcufinder/plugins/mcufinder//mcu/
2025-03-04 11:40:17,477 [WARN] DbFile:41 - Overriding database path with different value: /home/lenovo/.stmcufinder/plugins/mcufinder/ => /home/lenovo/.stmcufinder/plugins/mcufinder
2025-03-04 11:40:17,477 [INFO] DbMcusAds:125 - Set database path to: /home/lenovo/.stmcufinder/plugins/mcufinder//mcu/
2025-03-04 11:40:17,478 [WARN] DbFile:41 - Overriding database path with different value: /home/lenovo/.stmcufinder/plugins/mcufinder/ => /home/lenovo/.stmcufinder/plugins/mcufinder
2025-03-04 11:40:17,478 [WARN] DbFile:41 - Overriding database path with different value: /home/lenovo/.stmcufinder/plugins/mcufinder/ => /home/lenovo/.stmcufinder/plugins/mcufinder
2025-03-04 11:40:17,479 [INFO] CrossReferenceDbSqlite:203 - Set database path to: /home/lenovo/.stmcufinder/plugins/mcufinder//mcu/cs/
2025-03-04 11:40:17,514 [INFO] ApplicationProperties:184 - Using Application install path: /opt/st/stm32cubeide_1.17.0/plugins/com.st.stm32cube.common.mx_6.13.0.202411220809
2025-03-04 11:40:17,517 [INFO] PluginManage:196 - Search for loadable plugins [exclusion list=, ]
2025-03-04 11:40:17,520 [INFO] PluginManage:310 - Check plugin analytics
2025-03-04 11:40:18,031 [INFO] AnalyticsPlugin:253 - Accepted Software Licenses: 
2025-03-04 11:40:18,032 [INFO] AnalyticsPlugin:255 - Accepted CMSIS Pack Licenses: 
2025-03-04 11:40:18,033 [INFO] AnalyticsPlugin:257 - Accepted Firmware Licenses: 
2025-03-04 11:40:18,043 [INFO] PluginManage:359 - Loaded plugin analytics (category:tool,tabindex:-1)
2025-03-04 11:40:18,045 [INFO] PluginManage:310 - Check plugin cadmodel
2025-03-04 11:40:18,063 [INFO] CADModel:105 - Init CAD model plugin
2025-03-04 11:40:18,065 [INFO] PluginManage:359 - Loaded plugin cadmodel (category:power,tabindex:5)
2025-03-04 11:40:18,066 [INFO] PluginManage:310 - Check plugin clock
2025-03-04 11:40:18,092 [INFO] PluginManage:359 - Loaded plugin clock (category:base,tabindex:2)
2025-03-04 11:40:18,092 [INFO] PluginManage:310 - Check plugin ddr
2025-03-04 11:40:18,097 [INFO] PluginManage:359 - Loaded plugin ddr (category:tool,tabindex:6)
2025-03-04 11:40:18,097 [INFO] PluginManage:310 - Check plugin filemanager
2025-03-04 11:40:18,509 [INFO] PluginManage:359 - Loaded plugin filemanager (category:base,tabindex:10)
2025-03-04 11:40:18,510 [INFO] PluginManage:310 - Check plugin ipmanager
2025-03-04 11:40:18,571 [INFO] PluginManage:359 - Loaded plugin ipmanager (category:base,tabindex:5)
2025-03-04 11:40:18,573 [INFO] PluginManage:310 - Check plugin lpbam
2025-03-04 11:40:18,653 [INFO] PluginManage:359 - Loaded plugin lpbam (category:base,tabindex:0)
2025-03-04 11:40:18,656 [INFO] PluginManage:310 - Check plugin memorymap
2025-03-04 11:40:18,734 [INFO] PluginManage:359 - Loaded plugin memorymap (category:base,tabindex:4)
2025-03-04 11:40:18,735 [INFO] PluginManage:310 - Check plugin pinoutandconfiguration
2025-03-04 11:40:18,807 [INFO] PluginManage:359 - Loaded plugin pinoutandconfiguration (category:base,tabindex:1)
2025-03-04 11:40:18,807 [INFO] PluginManage:310 - Check plugin pinoutconfig
2025-03-04 11:40:19,476 [WARN] SupportedApi:132 - Cannot load RTOS API schema: s4s-elt-must-match.1: The content of 'definitions' must match (annotation?, (simpleType | complexType)?, (unique | key | keyref)*)). A problem was found starting at: attribute.
2025-03-04 11:40:20,117 [INFO] PluginManage:359 - Loaded plugin pinoutconfig (category:base,tabindex:0)
2025-03-04 11:40:20,125 [INFO] PluginManage:310 - Check plugin power
2025-03-04 11:40:20,182 [INFO] PluginManage:359 - Loaded plugin power (category:power,tabindex:4)
2025-03-04 11:40:20,182 [INFO] PluginManage:310 - Check plugin projectmanager
2025-03-04 11:40:20,244 [INFO] PluginManage:359 - Loaded plugin projectmanager (category:projectmanager,tabindex:4)
2025-03-04 11:40:20,244 [INFO] PluginManage:310 - Check plugin rif
2025-03-04 11:40:20,260 [INFO] PluginManage:359 - Loaded plugin rif (category:base,tabindex:3)
2025-03-04 11:40:20,261 [INFO] PluginManage:310 - Check plugin thirdparty
2025-03-04 11:40:20,575 [WARN] IntegrityCheckThread:84 - waiting for thirdparty lock release [integrity check]
2025-03-04 11:40:20,576 [INFO] PluginManage:359 - Loaded plugin thirdparty (category:base,tabindex:-1)
2025-03-04 11:40:20,577 [INFO] PluginManage:310 - Check plugin tools
2025-03-04 11:40:20,577 [INFO] IntegrityCheckThread:86 - entering critical section [integrity check]
2025-03-04 11:40:20,579 [INFO] ThirdPartyUpdaterWithRetryManager:70 - Updater plugin not ready yet. [1/15]
2025-03-04 11:40:20,582 [INFO] PluginManage:359 - Loaded plugin tools (category:base,tabindex:7)
2025-03-04 11:40:20,583 [INFO] PluginManage:310 - Check plugin tutovideos
2025-03-04 11:40:20,935 [INFO] PluginManage:359 - Loaded plugin tutovideos (category:base,tabindex:-1)
2025-03-04 11:40:20,936 [INFO] PluginManage:310 - Check plugin updater
2025-03-04 11:40:21,034 [INFO] PluginManage:359 - Loaded plugin updater (category:base,tabindex:12)
2025-03-04 11:40:21,035 [INFO] PluginManage:310 - Check plugin userauth
2025-03-04 11:40:21,044 [INFO] UserAuth:118 - Init User Auth plugin
2025-03-04 11:40:21,049 [INFO] PluginManage:359 - Loaded plugin userauth (category:base,tabindex:14)
2025-03-04 11:40:21,053 [INFO] PluginManage:283 - PluginManage : Loaded plugins [18]
2025-03-04 11:40:21,472 [INFO] PinOutPanel:1589 - setPackage(No Configuration,No Configuration)
2025-03-04 11:40:21,620 [INFO] CADModel:165 - CPN selected for project level
2025-03-04 11:40:21,620 [INFO] CADModel:114 - Register for checkConnection events
2025-03-04 11:40:21,647 [INFO] IPUIPlugin:80 - create IPUIPlugin
2025-03-04 11:40:21,649 [INFO] PluginManager:220 - loadIPPluginJar : add dma3
2025-03-04 11:40:21,664 [INFO] IPUIPlugin:80 - create IPUIPlugin
2025-03-04 11:40:21,667 [INFO] PluginManager:220 - loadIPPluginJar : add gpio
2025-03-04 11:40:21,670 [INFO] IPUIPlugin:80 - create IPUIPlugin
2025-03-04 11:40:21,672 [INFO] PluginManager:220 - loadIPPluginJar : add quadspi
2025-03-04 11:40:21,705 [INFO] IPUIPlugin:80 - create IPUIPlugin
2025-03-04 11:40:21,705 [INFO] PluginManager:220 - loadIPPluginJar : add stm32_wpan
2025-03-04 11:40:21,711 [INFO] IPUIPlugin:80 - create IPUIPlugin
2025-03-04 11:40:21,712 [INFO] PluginManager:220 - loadIPPluginJar : add radio
2025-03-04 11:40:21,721 [INFO] IPUIPlugin:80 - create IPUIPlugin
2025-03-04 11:40:21,723 [INFO] PluginManager:220 - loadIPPluginJar : add i3c
2025-03-04 11:40:21,733 [INFO] IPUIPlugin:80 - create IPUIPlugin
2025-03-04 11:40:21,735 [INFO] PluginManager:220 - loadIPPluginJar : add touchsensing
2025-03-04 11:40:21,742 [INFO] IPUIPlugin:80 - create IPUIPlugin
2025-03-04 11:40:21,743 [INFO] PluginManager:220 - loadIPPluginJar : add aes
2025-03-04 11:40:21,748 [INFO] IPUIPlugin:80 - create IPUIPlugin
2025-03-04 11:40:21,750 [INFO] PluginManager:220 - loadIPPluginJar : add ucpd
2025-03-04 11:40:21,765 [INFO] IPUIPlugin:80 - create IPUIPlugin
2025-03-04 11:40:21,766 [INFO] PluginManager:220 - loadIPPluginJar : add gic
2025-03-04 11:40:21,782 [INFO] IPUIPlugin:80 - create IPUIPlugin
2025-03-04 11:40:21,782 [INFO] PluginManager:220 - loadIPPluginJar : add adc
2025-03-04 11:40:21,788 [INFO] IPUIPlugin:80 - create IPUIPlugin
2025-03-04 11:40:21,789 [INFO] PluginManager:220 - loadIPPluginJar : add pdm2pcm
2025-03-04 11:40:21,795 [INFO] IPUIPlugin:80 - create IPUIPlugin
2025-03-04 11:40:21,795 [INFO] PluginManager:220 - loadIPPluginJar : add openamp
2025-03-04 11:40:21,799 [INFO] IPUIPlugin:80 - create IPUIPlugin
2025-03-04 11:40:21,800 [INFO] PluginManager:220 - loadIPPluginJar : add ltdc
2025-03-04 11:40:21,811 [INFO] IPUIPlugin:80 - create IPUIPlugin
2025-03-04 11:40:21,812 [INFO] PluginManager:220 - loadIPPluginJar : add fmc
2025-03-04 11:40:21,816 [INFO] IPUIPlugin:80 - create IPUIPlugin
2025-03-04 11:40:21,817 [INFO] PluginManager:220 - loadIPPluginJar : add tracer_emb
2025-03-04 11:40:21,823 [INFO] IPUIPlugin:80 - create IPUIPlugin
2025-03-04 11:40:21,823 [INFO] PluginManager:220 - loadIPPluginJar : add spi
2025-03-04 11:40:21,831 [INFO] IPUIPlugin:80 - create IPUIPlugin
2025-03-04 11:40:21,832 [INFO] PluginManager:220 - loadIPPluginJar : add nvic
2025-03-04 11:40:21,837 [INFO] IPUIPlugin:80 - create IPUIPlugin
2025-03-04 11:40:21,837 [INFO] PluginManager:220 - loadIPPluginJar : add genericplugin
2025-03-04 11:40:21,841 [INFO] IPUIPlugin:80 - create IPUIPlugin
2025-03-04 11:40:21,841 [INFO] PluginManager:220 - loadIPPluginJar : add comp
2025-03-04 11:40:21,848 [INFO] IPUIPlugin:80 - create IPUIPlugin
2025-03-04 11:40:21,850 [INFO] PluginManager:220 - loadIPPluginJar : add hash
2025-03-04 11:40:21,865 [INFO] IPUIPlugin:80 - create IPUIPlugin
2025-03-04 11:40:21,865 [INFO] PluginManager:220 - loadIPPluginJar : add mdma
2025-03-04 11:40:21,870 [INFO] IPUIPlugin:80 - create IPUIPlugin
2025-03-04 11:40:21,871 [INFO] PluginManager:220 - loadIPPluginJar : add usart
2025-03-04 11:40:21,874 [INFO] IPUIPlugin:80 - create IPUIPlugin
2025-03-04 11:40:21,875 [INFO] PluginManager:220 - loadIPPluginJar : add tim
2025-03-04 11:40:21,891 [INFO] IPUIPlugin:80 - create IPUIPlugin
2025-03-04 11:40:21,892 [INFO] PluginManager:220 - loadIPPluginJar : add dma
2025-03-04 11:40:21,896 [INFO] IPUIPlugin:80 - create IPUIPlugin
2025-03-04 11:40:21,897 [INFO] PluginManager:220 - loadIPPluginJar : add gfxmmu
2025-03-04 11:40:21,909 [INFO] IPUIPlugin:80 - create IPUIPlugin
2025-03-04 11:40:21,909 [INFO] PluginManager:220 - loadIPPluginJar : add ipddr
2025-03-04 11:40:21,916 [INFO] IPUIPlugin:80 - create IPUIPlugin
2025-03-04 11:40:21,916 [INFO] PluginManager:220 - loadIPPluginJar : add extmemmanager
2025-03-04 11:40:21,924 [INFO] IPUIPlugin:80 - create IPUIPlugin
2025-03-04 11:40:21,924 [INFO] PluginManager:220 - loadIPPluginJar : add can
2025-03-04 11:40:21,932 [INFO] IPUIPlugin:80 - create IPUIPlugin
2025-03-04 11:40:21,932 [INFO] PluginManager:220 - loadIPPluginJar : add resmgrutility
2025-03-04 11:40:21,936 [INFO] IPUIPlugin:80 - create IPUIPlugin
2025-03-04 11:40:21,937 [INFO] PluginManager:220 - loadIPPluginJar : add lorawan
2025-03-04 11:40:21,948 [INFO] IPUIPlugin:80 - create IPUIPlugin
2025-03-04 11:40:21,948 [INFO] PluginManager:220 - loadIPPluginJar : add linkedlist
2025-03-04 11:40:21,956 [INFO] IPUIPlugin:80 - create IPUIPlugin
2025-03-04 11:40:21,956 [INFO] PluginManager:220 - loadIPPluginJar : add freertos
2025-03-04 11:40:21,961 [INFO] IPUIPlugin:80 - create IPUIPlugin
2025-03-04 11:40:21,962 [INFO] PluginManager:220 - loadIPPluginJar : add tsc
2025-03-04 11:40:21,966 [INFO] IPUIPlugin:80 - create IPUIPlugin
2025-03-04 11:40:21,967 [INFO] PluginManager:220 - loadIPPluginJar : add i2s
2025-03-04 11:40:21,971 [INFO] IPUIPlugin:80 - create IPUIPlugin
2025-03-04 11:40:21,971 [INFO] PluginManager:220 - loadIPPluginJar : add usbx
2025-03-04 11:40:21,976 [INFO] IPUIPlugin:80 - create IPUIPlugin
2025-03-04 11:40:21,977 [INFO] PluginManager:220 - loadIPPluginJar : add gtzc
2025-03-04 11:40:21,987 [INFO] IPUIPlugin:80 - create IPUIPlugin
2025-03-04 11:40:21,993 [INFO] PluginManager:220 - loadIPPluginJar : add plateformsettings
2025-03-04 11:40:21,996 [INFO] IPUIPlugin:80 - create IPUIPlugin
2025-03-04 11:40:21,997 [INFO] PluginManager:220 - loadIPPluginJar : add fatfs
2025-03-04 11:40:22,001 [INFO] IPUIPlugin:80 - create IPUIPlugin
2025-03-04 11:40:22,001 [INFO] PluginManager:220 - loadIPPluginJar : add cryp
2025-03-04 11:40:22,010 [INFO] IPUIPlugin:80 - create IPUIPlugin
2025-03-04 11:40:22,010 [INFO] PluginManager:220 - loadIPPluginJar : add sai
2025-03-04 11:40:22,014 [INFO] IPUIPlugin:80 - create IPUIPlugin
2025-03-04 11:40:22,015 [INFO] PluginManager:220 - loadIPPluginJar : add i2c
2025-03-04 11:40:22,018 [INFO] IPUIPlugin:80 - create IPUIPlugin
2025-03-04 11:40:22,018 [INFO] PluginManager:220 - loadIPPluginJar : add dfsdm
2025-03-04 11:40:22,024 [INFO] IPUIPlugin:80 - create IPUIPlugin
2025-03-04 11:40:22,024 [INFO] PluginManager:220 - loadIPPluginJar : add opamp
2025-03-04 11:40:22,031 [INFO] IPUIPlugin:80 - create IPUIPlugin
2025-03-04 11:40:22,031 [INFO] PluginManager:220 - loadIPPluginJar : add ddr_ctrl_phy
2025-03-04 11:40:22,034 [INFO] IPUIPlugin:80 - create IPUIPlugin
2025-03-04 11:40:22,034 [INFO] PluginManager:220 - loadIPPluginJar : add ts
2025-03-04 11:40:22,190 [FATAL] Updater:351 - Updater called before beeing initialized
2025-03-04 11:40:22,249 [INFO] RulesReader:64 - Compatibility file has been processed (297 Rules)
2025-03-04 11:40:22,276 [INFO] RulesReader:64 - Compatibility file has been processed (297 Rules)
2025-03-04 11:40:22,292 [INFO] CADModel:165 - CPN selected for project level
2025-03-04 11:40:22,292 [INFO] CADModel:114 - Register for checkConnection events
2025-03-04 11:40:22,293 [FATAL] Updater:351 - Updater called before beeing initialized
2025-03-04 11:40:22,293 [ERROR] CADModel:125 - Updater not yet initialized, retry later 
2025-03-04 11:40:22,583 [FATAL] Updater:351 - Updater called before beeing initialized
2025-03-04 11:40:22,587 [INFO] CADModel:165 - CPN selected for project level
2025-03-04 11:40:22,588 [INFO] CADModel:114 - Register for checkConnection events
2025-03-04 11:40:22,588 [FATAL] Updater:351 - Updater called before beeing initialized
2025-03-04 11:40:22,588 [ERROR] CADModel:125 - Updater not yet initialized, retry later 
2025-03-04 11:40:22,593 [FATAL] Updater:351 - Updater called before beeing initialized
2025-03-04 11:40:22,794 [FATAL] Updater:351 - Updater called before beeing initialized
2025-03-04 11:40:22,802 [INFO] DbMcusAds:53 - JSON generation date=Fri Sep 20 18:34:23 IST 2024 (1726837463113)
2025-03-04 11:40:22,803 [FATAL] Updater:351 - Updater called before beeing initialized
2025-03-04 11:40:22,879 [WARN] DetailPanel:346 - Failed to get advertising image, set to default
2025-03-04 11:40:23,438 [FATAL] Updater:351 - Updater called before beeing initialized
2025-03-04 11:40:23,444 [FATAL] Updater:351 - Updater called before beeing initialized
2025-03-04 11:40:23,445 [FATAL] Updater:351 - Updater called before beeing initialized
2025-03-04 11:40:23,445 [WARN] DetailPanel:346 - Failed to get advertising image, set to default
2025-03-04 11:40:23,447 [FATAL] Updater:351 - Updater called before beeing initialized
2025-03-04 11:40:23,525 [ERROR] Updater:1198 - MainUpdater not yet initialized. External WinMGr cannot be set.
2025-03-04 11:40:23,529 [INFO] Updater:1134 - Updater Version found : 6.13.0
2025-03-04 11:40:23,568 [INFO] ApplicationProperties:184 - Using Application install path: /opt/st/stm32cubeide_1.17.0/plugins/com.st.stm32cube.common.mx_6.13.0.202411220809
2025-03-04 11:40:23,582 [INFO] ThirdPartyUpdaterWithRetryManager:70 - Updater plugin not ready yet. [2/15]
2025-03-04 11:40:24,259 [INFO] MainUpdater:2872 - connection check result : 10
2025-03-04 11:40:24,260 [INFO] MainUpdater:3566 - Updater definition file requires update
2025-03-04 11:40:24,264 [INFO] MainUpdater:289 - Updater Check For Update Now.
2025-03-04 11:40:24,267 [INFO] MicroXplorer:498 - Change Database Version : DB.6.0.130
2025-03-04 11:40:24,276 [INFO] McuFinderGlobals:63 - Set McuFinder mode to 2 (CubeIDE integrated)
2025-03-04 11:40:24,277 [INFO] UserAuth:171 - activating auth plugin
2025-03-04 11:40:24,286 [INFO] UserAuth:486 - Internet connection configuration mode: 1
2025-03-04 11:40:24,312 [INFO] JxBrowserEngine:152 - Initiate JxBrowser Engine with user profile folder
2025-03-04 11:40:24,391 [INFO] ServerAccessManage:473 - Download File updaters.zip
2025-03-04 11:40:24,713 [INFO] FileExtend:240 - Unzip File : updaters.zip
2025-03-04 11:40:24,713 [INFO] FileExtend:255 - Standard Zip Deflate
2025-03-04 11:40:25,197 [INFO] ServerAccessManage:473 - Download File PacksControlFlags.xml
2025-03-04 11:40:25,479 [INFO] ServerAccessManage:473 - Download File cubemx.pidx
2025-03-04 11:40:25,965 [INFO] ServerAccessManage:473 - Download File STMicroelectronics.FP-ATR-ASTRA1.pdsc
2025-03-04 11:40:26,588 [WARN] MainUpdater:1193 - Updater busy. Cannot search thirdparties
2025-03-04 11:40:26,588 [INFO] ThirdPartyUpdaterWithRetryManager:96 - Updater plugin is busy. [1/15]
2025-03-04 11:40:27,431 [INFO] WebApp:168 - Instantiating new browser for Auth
2025-03-04 11:40:29,342 [INFO] ServerAccessManage:473 - Download File STMicroelectronics.X-CUBE-AI.pdsc
2025-03-04 11:40:29,600 [WARN] MainUpdater:1193 - Updater busy. Cannot search thirdparties
2025-03-04 11:40:29,601 [INFO] ThirdPartyUpdaterWithRetryManager:96 - Updater plugin is busy. [2/15]
2025-03-04 11:40:30,139 [INFO] WebApp:449 - Apply proxy settings
2025-03-04 11:40:30,143 [INFO] WebApp:534 - Chromium requires no authentication
2025-03-04 11:40:30,166 [INFO] WebApp:477 - Direct internet connection detected
2025-03-04 11:40:30,218 [INFO] WebApp:880 - Register for checkConnection events
2025-03-04 11:40:30,218 [INFO] WebApp:449 - Apply proxy settings
2025-03-04 11:40:30,218 [INFO] WebApp:534 - Chromium requires no authentication
2025-03-04 11:40:30,226 [INFO] WebApp:477 - Direct internet connection detected
2025-03-04 11:40:30,679 [INFO] WebApp:221 - Starting web application
2025-03-04 11:40:30,680 [INFO] WebApp:579 - Web application path used /opt/st/stm32cubeide_1.17.0/plugins/com.st.stm32cube.common.mx_6.13.0.202411220809/db/plugins/mcufinder/reactClient1/index.html
2025-03-04 11:40:32,310 [INFO] WebApp:187 - Connection restablished
2025-03-04 11:40:32,603 [WARN] MainUpdater:1193 - Updater busy. Cannot search thirdparties
2025-03-04 11:40:32,603 [INFO] ThirdPartyUpdaterWithRetryManager:96 - Updater plugin is busy. [3/15]
2025-03-04 11:40:32,647 [INFO] ServerAccessManage:473 - Download File STMicroelectronics.X-CUBE-BLE1.pdsc
2025-03-04 11:40:35,606 [WARN] MainUpdater:1193 - Updater busy. Cannot search thirdparties
2025-03-04 11:40:35,607 [INFO] ThirdPartyUpdaterWithRetryManager:96 - Updater plugin is busy. [4/15]
2025-03-04 11:40:35,731 [ERROR] ServerAccessManage:1089 - Problem, file not found on Server
2025-03-04 11:40:36,477 [INFO] ServerAccessManage:473 - Download File STMicroelectronics.X-CUBE-FREERTOS.pdsc
2025-03-04 11:40:37,336 [INFO] ServerAccessManage:473 - Download File STMicroelectronics.X-CUBE-GNSS1.pdsc
2025-03-04 11:40:38,607 [WARN] MainUpdater:1193 - Updater busy. Cannot search thirdparties
2025-03-04 11:40:38,607 [INFO] ThirdPartyUpdaterWithRetryManager:96 - Updater plugin is busy. [5/15]
2025-03-04 11:40:39,952 [ERROR] ServerAccessManage:1089 - Problem, file not found on Server
2025-03-04 11:40:40,500 [ERROR] ServerAccessManage:1089 - Problem, file not found on Server
2025-03-04 11:40:41,233 [ERROR] ServerAccessManage:1089 - Problem, file not found on Server
2025-03-04 11:40:41,608 [WARN] MainUpdater:1193 - Updater busy. Cannot search thirdparties
2025-03-04 11:40:41,608 [INFO] ThirdPartyUpdaterWithRetryManager:96 - Updater plugin is busy. [6/15]
2025-03-04 11:40:41,875 [ERROR] ServerAccessManage:1089 - Problem, file not found on Server
2025-03-04 11:40:42,364 [ERROR] ServerAccessManage:1089 - Problem, file not found on Server
2025-03-04 11:40:42,991 [ERROR] ServerAccessManage:1089 - Problem, file not found on Server
2025-03-04 11:40:43,244 [INFO] ServerAccessManage:473 - Download File STMicroelectronics.X-CUBE-IPS.pdsc
2025-03-04 11:40:44,314 [INFO] ServerAccessManage:473 - Download File STMicroelectronics.X-CUBE-MEMS1.pdsc
2025-03-04 11:40:44,609 [WARN] MainUpdater:1193 - Updater busy. Cannot search thirdparties
2025-03-04 11:40:44,610 [INFO] ThirdPartyUpdaterWithRetryManager:96 - Updater plugin is busy. [7/15]
2025-03-04 11:40:47,610 [WARN] MainUpdater:1193 - Updater busy. Cannot search thirdparties
2025-03-04 11:40:47,610 [INFO] ThirdPartyUpdaterWithRetryManager:96 - Updater plugin is busy. [8/15]
2025-03-04 11:40:49,483 [INFO] ServerAccessManage:473 - Download File STMicroelectronics.X-CUBE-TCPP.pdsc
2025-03-04 11:40:50,164 [INFO] ServerAccessManage:473 - Download File STMicroelectronics.X-CUBE-TOUCHGFX.pdsc
2025-03-04 11:40:50,611 [WARN] MainUpdater:1193 - Updater busy. Cannot search thirdparties
2025-03-04 11:40:50,612 [INFO] ThirdPartyUpdaterWithRetryManager:96 - Updater plugin is busy. [9/15]
2025-03-04 11:40:53,655 [WARN] MainUpdater:1193 - Updater busy. Cannot search thirdparties
2025-03-04 11:40:53,656 [INFO] ThirdPartyUpdaterWithRetryManager:96 - Updater plugin is busy. [10/15]
2025-03-04 11:40:55,765 [WARN] PackLoader:240 - Cannot read IP mode file for STMicroelectronics.FP-ATR-ASTRA1.2.0.2
2025-03-04 11:40:55,790 [WARN] PackLoader:240 - Cannot read IP mode file for STMicroelectronics.X-CUBE-AI.10.0.0
2025-03-04 11:40:55,822 [WARN] PackLoader:240 - Cannot read IP mode file for STMicroelectronics.X-CUBE-BLE1.7.1.0
2025-03-04 11:40:55,865 [WARN] PackLoader:240 - Cannot read IP mode file for STMicroelectronics.X-CUBE-FREERTOS.1.3.0
2025-03-04 11:40:55,900 [WARN] PackLoader:240 - Cannot read IP mode file for STMicroelectronics.X-CUBE-GNSS1.7.0.1
2025-03-04 11:40:56,035 [INFO] CheckServerUpdateThread:120 - End of CheckServer Thread
2025-03-04 11:40:56,055 [WARN] PackLoader:240 - Cannot read IP mode file for STMicroelectronics.X-CUBE-IPS.3.1.0
2025-03-04 11:40:56,416 [WARN] PackLoader:240 - Cannot read IP mode file for STMicroelectronics.X-CUBE-MEMS1.11.1.0
2025-03-04 11:40:57,223 [WARN] PackLoader:240 - Cannot read IP mode file for STMicroelectronics.X-CUBE-TCPP.4.2.0
2025-03-04 11:40:57,242 [WARN] PackLoader:240 - Cannot read IP mode file for STMicroelectronics.X-CUBE-TOUCHGFX.4.24.2
2025-03-04 11:40:57,244 [INFO] PopulateThirdPartyThread:66 - Ending populate Thread
2025-03-04 11:40:57,248 [INFO] ThirdParty:1030 - CMSIS Pack Vendor :STMicroelectronics X-CUBE-AI 10.0.0
2025-03-04 11:40:57,248 [INFO] ThirdParty:1030 - CMSIS Pack Vendor :STMicroelectronics X-CUBE-IPS 3.1.0
2025-03-04 11:40:57,249 [INFO] ThirdParty:1030 - CMSIS Pack Vendor :STMicroelectronics X-CUBE-FREERTOS 1.3.0
2025-03-04 11:40:57,249 [INFO] ThirdParty:1030 - CMSIS Pack Vendor :STMicroelectronics X-CUBE-GNSS1 7.0.1
2025-03-04 11:40:57,249 [INFO] ThirdParty:1030 - CMSIS Pack Vendor :STMicroelectronics X-CUBE-MEMS1 11.1.0
2025-03-04 11:40:57,255 [INFO] ThirdParty:1030 - CMSIS Pack Vendor :STMicroelectronics X-CUBE-TCPP 4.2.0
2025-03-04 11:40:57,255 [INFO] ThirdParty:1030 - CMSIS Pack Vendor :STMicroelectronics FP-ATR-ASTRA1 2.0.2
2025-03-04 11:40:57,255 [INFO] ThirdParty:1030 - CMSIS Pack Vendor :STMicroelectronics X-CUBE-TOUCHGFX 4.24.2
2025-03-04 11:40:57,255 [INFO] ThirdParty:1030 - CMSIS Pack Vendor :STMicroelectronics X-CUBE-BLE1 7.1.0
2025-03-04 11:40:57,256 [INFO] LoadServerUpdatesThread:375 - End of LoadServerUpdate Thread
2025-03-04 11:40:57,609 [WARN] PackLoader:240 - Cannot read IP mode file for STMicroelectronics.FP-SNS-MOTENVWB1.1.4.0
2025-03-04 11:40:57,633 [WARN] PackLoader:240 - Cannot read IP mode file for STMicroelectronics.FP-ATR-ASTRA1.2.0.2
2025-03-04 11:40:57,648 [WARN] PackLoader:240 - Cannot read IP mode file for STMicroelectronics.FP-ATR-ASTRA1.2.0.1
2025-03-04 11:40:57,661 [WARN] PackLoader:240 - Cannot read IP mode file for STMicroelectronics.X-CUBE-SMBUS.2.1.0
2025-03-04 11:40:57,677 [WARN] PackLoader:240 - Cannot read IP mode file for STMicroelectronics.X-CUBE-WB05N.1.1.0
2025-03-04 11:40:57,778 [WARN] PackLoader:240 - Cannot read IP mode file for STMicroelectronics.X-CUBE-AZRTOS-F7.1.1.0
2025-03-04 11:40:57,908 [WARN] PackLoader:240 - Cannot read IP mode file for STMicroelectronics.X-CUBE-MEMS1.11.0.0
2025-03-04 11:40:58,182 [WARN] PackLoader:240 - Cannot read IP mode file for STMicroelectronics.FP-SNS-FLIGHT1.5.0.2
2025-03-04 11:40:58,220 [WARN] PackLoader:240 - Cannot read IP mode file for Infineon.AIROC-Wi-Fi-Bluetooth-STM32.1.7.0
2025-03-04 11:40:58,235 [WARN] PackLoader:240 - Cannot read IP mode file for STMicroelectronics.X-CUBE-DISPLAY.3.0.0
2025-03-04 11:40:58,246 [WARN] PackLoader:240 - Cannot read IP mode file for STMicroelectronics.X-CUBE-BLE1.7.0.0
2025-03-04 11:40:58,253 [WARN] PackLoader:240 - Cannot read IP mode file for STMicroelectronics.X-CUBE-NFC10.1.0.0
2025-03-04 11:40:58,269 [WARN] PackLoader:240 - Cannot read IP mode file for STMicroelectronics.X-CUBE-BLEMGR.4.0.0
2025-03-04 11:40:58,280 [WARN] PackLoader:240 - Cannot read IP mode file for emotas.I-CUBE-CANOPEN.1.3.0
2025-03-04 11:40:58,294 [WARN] PackLoader:240 - Cannot read IP mode file for STMicroelectronics.X-CUBE-BLEMGR.3.1.0
2025-03-04 11:40:58,303 [WARN] PackLoader:240 - Cannot read IP mode file for STMicroelectronics.X-CUBE-AI.10.0.0
2025-03-04 11:40:58,307 [WARN] PackLoader:240 - Cannot read IP mode file for STMicroelectronics.FP-SNS-SMARTAG2.1.2.0
2025-03-04 11:40:58,453 [WARN] PackLoader:240 - Cannot read IP mode file for STMicroelectronics.X-CUBE-MEMS1.11.1.0
2025-03-04 11:40:59,063 [INFO] LogOutputStream:77 - [STDOUT_REDIRECT] 1 : Invalid condition id : UX_CORESTACK_Condition cause : null
2025-03-04 11:40:59,067 [INFO] LogOutputStream:77 - [STDOUT_REDIRECT] 1 : Invalid condition id : UX_CORESTACK_Condition cause : null
2025-03-04 11:40:59,070 [INFO] LogOutputStream:77 - [STDOUT_REDIRECT] 1 : Invalid condition id : UX_CORESTACK_Condition cause : null
2025-03-04 11:40:59,071 [INFO] LogOutputStream:77 - [STDOUT_REDIRECT] 1 : Invalid condition id : UX_CORESTACK_Condition cause : null
2025-03-04 11:40:59,073 [INFO] LogOutputStream:77 - [STDOUT_REDIRECT] 1 : Invalid condition id : UX_CORESTACK_Condition cause : null
2025-03-04 11:40:59,108 [WARN] PackLoader:240 - Cannot read IP mode file for STMicroelectronics.X-CUBE-AZRTOS-WL.2.0.0
2025-03-04 11:40:59,146 [WARN] PackLoader:240 - Cannot read IP mode file for STMicroelectronics.FP-SNS-MOTENV1.5.0.0
2025-03-04 11:40:59,196 [WARN] PackLoader:240 - Cannot read IP mode file for wolfSSL.I-CUBE-wolfMQTT.1.19.0
2025-03-04 11:40:59,226 [WARN] PackLoader:240 - Cannot read IP mode file for WES.I-CUBE-Cesium.1.3.0
2025-03-04 11:40:59,254 [WARN] PackLoader:240 - Cannot read IP mode file for STMicroelectronics.X-CUBE-BLE2.3.3.0
2025-03-04 11:40:59,285 [WARN] PackLoader:240 - Cannot read IP mode file for STMicroelectronics.X-CUBE-NFC9.1.0.0
2025-03-04 11:40:59,316 [WARN] PackLoader:240 - Cannot read IP mode file for STMicroelectronics.X-CUBE-BLE1.7.1.0
2025-03-04 11:40:59,340 [WARN] PackLoader:240 - Cannot read IP mode file for STMicroelectronics.X-CUBE-TCPP.4.1.0
2025-03-04 11:40:59,416 [WARN] PackLoader:240 - Cannot read IP mode file for STMicroelectronics.X-CUBE-AZRTOS-G0.1.1.0
2025-03-04 11:40:59,439 [WARN] PackLoader:240 - Cannot read IP mode file for STMicroelectronics.X-CUBE-SAFEA1.1.2.2
2025-03-04 11:40:59,456 [WARN] PackLoader:240 - Cannot read IP mode file for STMicroelectronics.X-CUBE-NFC4.3.0.0
2025-03-04 11:40:59,503 [WARN] PackLoader:240 - Cannot read IP mode file for EmbeddedOffice.I-CUBE-FS-RTOS.1.0.1
2025-03-04 11:40:59,519 [WARN] PackLoader:240 - Cannot read IP mode file for STMicroelectronics.X-CUBE-TCPP.4.2.0
2025-03-04 11:40:59,546 [WARN] PackLoader:240 - Cannot read IP mode file for RealThread.X-CUBE-RT-Thread_Nano.4.1.1
2025-03-04 11:40:59,573 [WARN] PackLoader:240 - Cannot read IP mode file for STMicroelectronics.FP-ATR-SIGFOX1.3.2.0
2025-03-04 11:40:59,599 [WARN] ConditionMgr:438 - getConditionDescription Invalid condition id : Cortex-A Device cause : null
2025-03-04 11:40:59,662 [WARN] ConditionMgr:1044 - genDependencies : Invalid condition id : Cortex-A Device cause : null
2025-03-04 11:40:59,663 [WARN] ConditionMgr:1044 - genDependencies : Invalid condition id : Cortex-A Device cause : null
2025-03-04 11:40:59,663 [WARN] ConditionMgr:1044 - genDependencies : Invalid condition id : Cortex-A Device cause : null
2025-03-04 11:40:59,684 [WARN] PackLoader:240 - Cannot read IP mode file for STMicroelectronics.X-CUBE-EEPRMA1.5.1.0
2025-03-04 11:40:59,696 [WARN] PackLoader:240 - Cannot read IP mode file for wolfSSL.I-CUBE-wolfSSL.5.7.4
2025-03-04 11:40:59,715 [WARN] PackLoader:240 - Cannot read IP mode file for ITTIA_DB.I-CUBE-ITTIADB.8.9.0
2025-03-04 11:40:59,813 [WARN] PackLoader:240 - Cannot read IP mode file for SEGGER.I-CUBE-embOS.1.3.1
2025-03-04 11:40:59,972 [WARN] PackLoader:240 - Cannot read IP mode file for STMicroelectronics.X-CUBE-ALGOBUILD.1.4.0
2025-03-04 11:40:59,988 [WARN] PackLoader:240 - Cannot read IP mode file for STMicroelectronics.X-CUBE-AI.9.1.0
2025-03-04 11:41:00,095 [WARN] PackLoader:240 - Cannot read IP mode file for STMicroelectronics.X-CUBE-AZRTOS-F4.1.1.0
2025-03-04 11:41:00,132 [WARN] PackLoader:240 - Cannot read IP mode file for STMicroelectronics.X-CUBE-ISPU.2.1.0
2025-03-04 11:41:00,168 [WARN] PackLoader:240 - Cannot read IP mode file for STMicroelectronics.X-CUBE-FREERTOS.1.2.0
2025-03-04 11:41:00,218 [WARN] PackLoader:240 - Cannot read IP mode file for STMicroelectronics.X-CUBE-AZRTOS-L5.2.0.0
2025-03-04 11:41:00,233 [WARN] PackLoader:240 - Cannot read IP mode file for STMicroelectronics.X-CUBE-NFC6.3.1.0
2025-03-04 11:41:00,248 [WARN] PackLoader:240 - Cannot read IP mode file for STMicroelectronics.X-CUBE-DPower.1.2.0
2025-03-04 11:41:00,256 [WARN] PackLoader:240 - Cannot read IP mode file for STMicroelectronics.X-CUBE-FREERTOS.1.3.0
2025-03-04 11:41:00,274 [WARN] PackLoader:240 - Cannot read IP mode file for STMicroelectronics.X-CUBE-NFC7.1.0.1
2025-03-04 11:41:00,359 [WARN] ConditionMgr:438 - getConditionDescription Invalid condition id : LAN8742 Phy interface Condition cause : null
2025-03-04 11:41:00,362 [WARN] PackLoader:240 - Cannot read IP mode file for STMicroelectronics.X-CUBE-AZRTOS-L4.2.0.0
2025-03-04 11:41:00,367 [WARN] ConditionMgr:1044 - genDependencies : Invalid condition id : LAN8742 Phy interface Condition cause : null
2025-03-04 11:41:00,370 [WARN] ConditionMgr:1044 - genDependencies : Invalid condition id : LAN8742 Phy interface Condition cause : null
2025-03-04 11:41:00,374 [WARN] ConditionMgr:1044 - genDependencies : Invalid condition id : LAN8742 Phy interface Condition cause : null
2025-03-04 11:41:00,408 [WARN] PackLoader:240 - Cannot read IP mode file for STMicroelectronics.X-CUBE-SFXS2LP1.4.0.0
2025-03-04 11:41:00,586 [WARN] PackLoader:240 - Cannot read IP mode file for STMicroelectronics.X-CUBE-AZRTOS-H7.3.3.0
2025-03-04 11:41:00,667 [WARN] PackLoader:240 - Cannot read IP mode file for STMicroelectronics.X-CUBE-IPS.3.0.0
2025-03-04 11:41:00,775 [WARN] ConditionMgr:438 - getConditionDescription Invalid condition id : UX DEVICE CLASS RTOS Condition cause : null
2025-03-04 11:41:00,775 [WARN] ConditionMgr:438 - getConditionDescription Invalid condition id : UX DEVICE CLASS RTOS Condition cause : null
2025-03-04 11:41:00,786 [WARN] PackLoader:240 - Cannot read IP mode file for STMicroelectronics.X-CUBE-AZRTOS-WB.2.0.0
2025-03-04 11:41:00,787 [WARN] ConditionMgr:1044 - genDependencies : Invalid condition id : UX DEVICE CLASS RTOS Condition cause : null
2025-03-04 11:41:00,788 [WARN] ConditionMgr:1044 - genDependencies : Invalid condition id : UX DEVICE CLASS RTOS Condition cause : null
2025-03-04 11:41:00,796 [WARN] ConditionMgr:1044 - genDependencies : Invalid condition id : UX DEVICE CLASS RTOS Condition cause : null
2025-03-04 11:41:00,797 [WARN] ConditionMgr:1044 - genDependencies : Invalid condition id : UX DEVICE CLASS RTOS Condition cause : null
2025-03-04 11:41:00,798 [WARN] ConditionMgr:1044 - genDependencies : Invalid condition id : UX DEVICE CLASS RTOS Condition cause : null
2025-03-04 11:41:00,860 [WARN] PackLoader:240 - Cannot read IP mode file for STMicroelectronics.X-CUBE-GNSS1.7.0.0
2025-03-04 11:41:00,869 [WARN] PackLoader:240 - Cannot read IP mode file for STMicroelectronics.X-CUBE-GNSS1.7.0.1
2025-03-04 11:41:00,887 [WARN] PackLoader:240 - Cannot read IP mode file for STMicroelectronics.FP-SNS-STBOX1.2.0.0
2025-03-04 11:41:00,905 [WARN] PackLoader:240 - Cannot read IP mode file for STMicroelectronics.X-CUBE-SUBG2.5.0.0
2025-03-04 11:41:00,923 [WARN] PackLoader:240 - Cannot read IP mode file for Cesanta.I-CUBE-Mongoose.7.13.0
2025-03-04 11:41:00,941 [WARN] PackLoader:240 - Cannot read IP mode file for STMicroelectronics.X-CUBE-AZRTOS-G4.2.0.0
2025-03-04 11:41:00,954 [WARN] PackLoader:240 - Cannot read IP mode file for STMicroelectronics.X-CUBE-IPS.3.1.0
2025-03-04 11:41:00,965 [WARN] PackLoader:240 - Cannot read IP mode file for STMicroelectronics.X-CUBE-ALS.1.0.2
2025-03-04 11:41:00,969 [WARN] PackLoader:240 - Cannot read IP mode file for STMicroelectronics.X-CUBE-TOUCHGFX.4.24.2
2025-03-04 11:41:00,973 [WARN] PackLoader:240 - Cannot read IP mode file for STMicroelectronics.X-CUBE-TOUCHGFX.4.24.1
2025-03-04 11:41:00,978 [WARN] PackLoader:240 - Cannot read IP mode file for wolfSSL.I-CUBE-wolfTPM.3.4.0
2025-03-04 11:41:00,983 [WARN] PackLoader:240 - Cannot read IP mode file for portGmbH.I-Cube-SoM-uGOAL.1.1.0
2025-03-04 11:41:01,011 [WARN] PackLoader:240 - Cannot read IP mode file for STMicroelectronics.X-CUBE-AZRTOS-H7RS.1.0.0
2025-03-04 11:41:01,051 [WARN] PackLoader:240 - Cannot read IP mode file for STMicroelectronics.X-CUBE-TOF1.3.4.2
2025-03-04 11:41:01,079 [WARN] PackLoader:240 - Cannot read IP mode file for wolfSSL.I-CUBE-wolfSSH.1.4.17
2025-03-04 11:41:01,085 [INFO] ThirdParty:978 - Integrity check success = true
2025-03-04 11:41:01,085 [INFO] IntegrityCheckThread:100 - exiting critical section [integrity check]
2025-03-04 11:41:01,085 [INFO] IntegrityCheckThread:103 - End integrity checks thread
2025-03-04 11:48:45,051 [ERROR] LogOutputStream:75 - [STDERR_REDIRECT] 
