17:26:28 **** Incremental Build of configuration Debug for project 002_TaskswithSeggerIntegraration ****
make -j4 all 
arm-none-eabi-gcc "../ThirdParty/SEGGER/SEGGER/Syscalls/SEGGER_RTT_Syscalls_GCC.c" -mcpu=cortex-m4 -std=gnu11 -g3 -DDEBUG -DUSE_HAL_DRIVER -DSTM32F446xx -c -I../Core/Inc -I"/home/lenovo/Documents/embedded-c-practice/RTOS/002_TaskswithSeggerIntegraration/ThirdParty/SEGGER/Config" -I"/home/lenovo/Documents/embedded-c-practice/RTOS/002_TaskswithSeggerIntegraration/ThirdParty/SEGGER/OS" -I"/home/lenovo/Documents/embedded-c-practice/RTOS/002_TaskswithSeggerIntegraration/ThirdParty/SEGGER/SEGGER" -I"/home/lenovo/Documents/embedded-c-practice/RTOS/002_TaskswithSeggerIntegraration/ThirdParty/FreeRTOS" -I"/home/lenovo/Documents/embedded-c-practice/RTOS/002_TaskswithSeggerIntegraration/ThirdParty/FreeRTOS/include" -I"/home/lenovo/Documents/embedded-c-practice/RTOS/002_TaskswithSeggerIntegraration/ThirdParty/FreeRTOS/portable/GCC/ARM_CM4F" -I../Drivers/STM32F4xx_HAL_Driver/Inc -I../Drivers/STM32F4xx_HAL_Driver/Inc/Legacy -I../Drivers/CMSIS/Device/ST/STM32F4xx/Include -O0 -ffunction-sections -fdata-sections -Wall -fstack-usage -fcyclomatic-complexity -MMD -MP -MF"ThirdParty/SEGGER/SEGGER/Syscalls/SEGGER_RTT_Syscalls_GCC.d" -MT"ThirdParty/SEGGER/SEGGER/Syscalls/SEGGER_RTT_Syscalls_GCC.o" --specs=nano.specs -mfpu=fpv4-sp-d16 -mfloat-abi=hard -mthumb -o "ThirdParty/SEGGER/SEGGER/Syscalls/SEGGER_RTT_Syscalls_GCC.o"
arm-none-eabi-gcc "../ThirdParty/SEGGER/SEGGER/SEGGER_RTT.c" -mcpu=cortex-m4 -std=gnu11 -g3 -DDEBUG -DUSE_HAL_DRIVER -DSTM32F446xx -c -I../Core/Inc -I"/home/lenovo/Documents/embedded-c-practice/RTOS/002_TaskswithSeggerIntegraration/ThirdParty/SEGGER/Config" -I"/home/lenovo/Documents/embedded-c-practice/RTOS/002_TaskswithSeggerIntegraration/ThirdParty/SEGGER/OS" -I"/home/lenovo/Documents/embedded-c-practice/RTOS/002_TaskswithSeggerIntegraration/ThirdParty/SEGGER/SEGGER" -I"/home/lenovo/Documents/embedded-c-practice/RTOS/002_TaskswithSeggerIntegraration/ThirdParty/FreeRTOS" -I"/home/lenovo/Documents/embedded-c-practice/RTOS/002_TaskswithSeggerIntegraration/ThirdParty/FreeRTOS/include" -I"/home/lenovo/Documents/embedded-c-practice/RTOS/002_TaskswithSeggerIntegraration/ThirdParty/FreeRTOS/portable/GCC/ARM_CM4F" -I../Drivers/STM32F4xx_HAL_Driver/Inc -I../Drivers/STM32F4xx_HAL_Driver/Inc/Legacy -I../Drivers/CMSIS/Device/ST/STM32F4xx/Include -O0 -ffunction-sections -fdata-sections -Wall -fstack-usage -fcyclomatic-complexity -MMD -MP -MF"ThirdParty/SEGGER/SEGGER/SEGGER_RTT.d" -MT"ThirdParty/SEGGER/SEGGER/SEGGER_RTT.o" --specs=nano.specs -mfpu=fpv4-sp-d16 -mfloat-abi=hard -mthumb -o "ThirdParty/SEGGER/SEGGER/SEGGER_RTT.o"
arm-none-eabi-gcc -mcpu=cortex-m4 -g3 -DDEBUG -c -I"/home/lenovo/Documents/embedded-c-practice/RTOS/002_TaskswithSeggerIntegraration/ThirdParty/SEGGER/Config" -x assembler-with-cpp -MMD -MP -MF"ThirdParty/SEGGER/SEGGER/SEGGER_RTT_ASM_ARMv7M.d" -MT"ThirdParty/SEGGER/SEGGER/SEGGER_RTT_ASM_ARMv7M.o" --specs=nano.specs -mfpu=fpv4-sp-d16 -mfloat-abi=hard -mthumb -o "ThirdParty/SEGGER/SEGGER/SEGGER_RTT_ASM_ARMv7M.o" "../ThirdParty/SEGGER/SEGGER/SEGGER_RTT_ASM_ARMv7M.S"
arm-none-eabi-gcc "../ThirdParty/SEGGER/SEGGER/SEGGER_RTT_printf.c" -mcpu=cortex-m4 -std=gnu11 -g3 -DDEBUG -DUSE_HAL_DRIVER -DSTM32F446xx -c -I../Core/Inc -I"/home/lenovo/Documents/embedded-c-practice/RTOS/002_TaskswithSeggerIntegraration/ThirdParty/SEGGER/Config" -I"/home/lenovo/Documents/embedded-c-practice/RTOS/002_TaskswithSeggerIntegraration/ThirdParty/SEGGER/OS" -I"/home/lenovo/Documents/embedded-c-practice/RTOS/002_TaskswithSeggerIntegraration/ThirdParty/SEGGER/SEGGER" -I"/home/lenovo/Documents/embedded-c-practice/RTOS/002_TaskswithSeggerIntegraration/ThirdParty/FreeRTOS" -I"/home/lenovo/Documents/embedded-c-practice/RTOS/002_TaskswithSeggerIntegraration/ThirdParty/FreeRTOS/include" -I"/home/lenovo/Documents/embedded-c-practice/RTOS/002_TaskswithSeggerIntegraration/ThirdParty/FreeRTOS/portable/GCC/ARM_CM4F" -I../Drivers/STM32F4xx_HAL_Driver/Inc -I../Drivers/STM32F4xx_HAL_Driver/Inc/Legacy -I../Drivers/CMSIS/Device/ST/STM32F4xx/Include -O0 -ffunction-sections -fdata-sections -Wall -fstack-usage -fcyclomatic-complexity -MMD -MP -MF"ThirdParty/SEGGER/SEGGER/SEGGER_RTT_printf.d" -MT"ThirdParty/SEGGER/SEGGER/SEGGER_RTT_printf.o" --specs=nano.specs -mfpu=fpv4-sp-d16 -mfloat-abi=hard -mthumb -o "ThirdParty/SEGGER/SEGGER/SEGGER_RTT_printf.o"
arm-none-eabi-gcc "../ThirdParty/SEGGER/SEGGER/SEGGER_SYSVIEW.c" -mcpu=cortex-m4 -std=gnu11 -g3 -DDEBUG -DUSE_HAL_DRIVER -DSTM32F446xx -c -I../Core/Inc -I"/home/lenovo/Documents/embedded-c-practice/RTOS/002_TaskswithSeggerIntegraration/ThirdParty/SEGGER/Config" -I"/home/lenovo/Documents/embedded-c-practice/RTOS/002_TaskswithSeggerIntegraration/ThirdParty/SEGGER/OS" -I"/home/lenovo/Documents/embedded-c-practice/RTOS/002_TaskswithSeggerIntegraration/ThirdParty/SEGGER/SEGGER" -I"/home/lenovo/Documents/embedded-c-practice/RTOS/002_TaskswithSeggerIntegraration/ThirdParty/FreeRTOS" -I"/home/lenovo/Documents/embedded-c-practice/RTOS/002_TaskswithSeggerIntegraration/ThirdParty/FreeRTOS/include" -I"/home/lenovo/Documents/embedded-c-practice/RTOS/002_TaskswithSeggerIntegraration/ThirdParty/FreeRTOS/portable/GCC/ARM_CM4F" -I../Drivers/STM32F4xx_HAL_Driver/Inc -I../Drivers/STM32F4xx_HAL_Driver/Inc/Legacy -I../Drivers/CMSIS/Device/ST/STM32F4xx/Include -O0 -ffunction-sections -fdata-sections -Wall -fstack-usage -fcyclomatic-complexity -MMD -MP -MF"ThirdParty/SEGGER/SEGGER/SEGGER_SYSVIEW.d" -MT"ThirdParty/SEGGER/SEGGER/SEGGER_SYSVIEW.o" --specs=nano.specs -mfpu=fpv4-sp-d16 -mfloat-abi=hard -mthumb -o "ThirdParty/SEGGER/SEGGER/SEGGER_SYSVIEW.o"
arm-none-eabi-gcc "../ThirdParty/SEGGER/OS/SEGGER_SYSVIEW_FreeRTOS.c" -mcpu=cortex-m4 -std=gnu11 -g3 -DDEBUG -DUSE_HAL_DRIVER -DSTM32F446xx -c -I../Core/Inc -I"/home/lenovo/Documents/embedded-c-practice/RTOS/002_TaskswithSeggerIntegraration/ThirdParty/SEGGER/Config" -I"/home/lenovo/Documents/embedded-c-practice/RTOS/002_TaskswithSeggerIntegraration/ThirdParty/SEGGER/OS" -I"/home/lenovo/Documents/embedded-c-practice/RTOS/002_TaskswithSeggerIntegraration/ThirdParty/SEGGER/SEGGER" -I"/home/lenovo/Documents/embedded-c-practice/RTOS/002_TaskswithSeggerIntegraration/ThirdParty/FreeRTOS" -I"/home/lenovo/Documents/embedded-c-practice/RTOS/002_TaskswithSeggerIntegraration/ThirdParty/FreeRTOS/include" -I"/home/lenovo/Documents/embedded-c-practice/RTOS/002_TaskswithSeggerIntegraration/ThirdParty/FreeRTOS/portable/GCC/ARM_CM4F" -I../Drivers/STM32F4xx_HAL_Driver/Inc -I../Drivers/STM32F4xx_HAL_Driver/Inc/Legacy -I../Drivers/CMSIS/Device/ST/STM32F4xx/Include -O0 -ffunction-sections -fdata-sections -Wall -fstack-usage -fcyclomatic-complexity -MMD -MP -MF"ThirdParty/SEGGER/OS/SEGGER_SYSVIEW_FreeRTOS.d" -MT"ThirdParty/SEGGER/OS/SEGGER_SYSVIEW_FreeRTOS.o" --specs=nano.specs -mfpu=fpv4-sp-d16 -mfloat-abi=hard -mthumb -o "ThirdParty/SEGGER/OS/SEGGER_SYSVIEW_FreeRTOS.o"
arm-none-eabi-gcc "../ThirdParty/SEGGER/Config/SEGGER_SYSVIEW_Config_FreeRTOS.c" -mcpu=cortex-m4 -std=gnu11 -g3 -DDEBUG -DUSE_HAL_DRIVER -DSTM32F446xx -c -I../Core/Inc -I"/home/lenovo/Documents/embedded-c-practice/RTOS/002_TaskswithSeggerIntegraration/ThirdParty/SEGGER/Config" -I"/home/lenovo/Documents/embedded-c-practice/RTOS/002_TaskswithSeggerIntegraration/ThirdParty/SEGGER/OS" -I"/home/lenovo/Documents/embedded-c-practice/RTOS/002_TaskswithSeggerIntegraration/ThirdParty/SEGGER/SEGGER" -I"/home/lenovo/Documents/embedded-c-practice/RTOS/002_TaskswithSeggerIntegraration/ThirdParty/FreeRTOS" -I"/home/lenovo/Documents/embedded-c-practice/RTOS/002_TaskswithSeggerIntegraration/ThirdParty/FreeRTOS/include" -I"/home/lenovo/Documents/embedded-c-practice/RTOS/002_TaskswithSeggerIntegraration/ThirdParty/FreeRTOS/portable/GCC/ARM_CM4F" -I../Drivers/STM32F4xx_HAL_Driver/Inc -I../Drivers/STM32F4xx_HAL_Driver/Inc/Legacy -I../Drivers/CMSIS/Device/ST/STM32F4xx/Include -O0 -ffunction-sections -fdata-sections -Wall -fstack-usage -fcyclomatic-complexity -MMD -MP -MF"ThirdParty/SEGGER/Config/SEGGER_SYSVIEW_Config_FreeRTOS.d" -MT"ThirdParty/SEGGER/Config/SEGGER_SYSVIEW_Config_FreeRTOS.o" --specs=nano.specs -mfpu=fpv4-sp-d16 -mfloat-abi=hard -mthumb -o "ThirdParty/SEGGER/Config/SEGGER_SYSVIEW_Config_FreeRTOS.o"
In file included from /home/lenovo/Documents/embedded-c-practice/RTOS/002_TaskswithSeggerIntegraration/ThirdParty/FreeRTOS/FreeRTOSConfig.h:129,
                 from /home/lenovo/Documents/embedded-c-practice/RTOS/002_TaskswithSeggerIntegraration/ThirdParty/FreeRTOS/include/FreeRTOS.h:64,
                 from ../ThirdParty/SEGGER/OS/SEGGER_SYSVIEW_FreeRTOS.c:54:
/home/lenovo/Documents/embedded-c-practice/RTOS/002_TaskswithSeggerIntegraration/ThirdParty/SEGGER/OS/SEGGER_SYSVIEW_FreeRTOS.h:204: warning: "traceTASK_NOTIFY_TAKE" redefined
  204 | #define traceTASK_NOTIFY_TAKE(index)                                                 SEGGER_SYSVIEW_RecordU32x2(apiID_OFFSET + apiID_ULTASKNOTIFYTAKE, xClearCountOnExit, xTicksToWait)
      | 
/home/lenovo/Documents/embedded-c-practice/RTOS/002_TaskswithSeggerIntegraration/ThirdParty/SEGGER/OS/SEGGER_SYSVIEW_FreeRTOS.h:198: note: this is the location of the previous definition
  198 | #define traceTASK_NOTIFY_TAKE(index) SEGGER_SYSVIEW_RecordU32x2(...)
      | 
/home/lenovo/Documents/embedded-c-practice/RTOS/002_TaskswithSeggerIntegraration/ThirdParty/SEGGER/OS/SEGGER_SYSVIEW_FreeRTOS.h:219: warning: "traceTASK_NOTIFY_WAIT" redefined
  219 | #define traceTASK_NOTIFY_WAIT(index)                                                SEGGER_SYSVIEW_RecordU32x4(apiID_OFFSET + apiID_XTASKNOTIFYWAIT, ulBitsToClearOnEntry, ulBitsToClearOnExit, (U32)pulNotificationValue, xTicksToWait)
      | 
/home/lenovo/Documents/embedded-c-practice/RTOS/002_TaskswithSeggerIntegraration/ThirdParty/SEGGER/OS/SEGGER_SYSVIEW_FreeRTOS.h:201: note: this is the location of the previous definition
  201 | #define traceTASK_NOTIFY_WAIT(index) SEGGER_SYSVIEW_RecordU32x4(...)
      | 
In file included from /home/lenovo/Documents/embedded-c-practice/RTOS/002_TaskswithSeggerIntegraration/ThirdParty/FreeRTOS/FreeRTOSConfig.h:129,
                 from /home/lenovo/Documents/embedded-c-practice/RTOS/002_TaskswithSeggerIntegraration/ThirdParty/FreeRTOS/include/FreeRTOS.h:64,
                 from ../ThirdParty/SEGGER/Config/SEGGER_SYSVIEW_Config_FreeRTOS.c:54:
/home/lenovo/Documents/embedded-c-practice/RTOS/002_TaskswithSeggerIntegraration/ThirdParty/SEGGER/OS/SEGGER_SYSVIEW_FreeRTOS.h:204: warning: "traceTASK_NOTIFY_TAKE" redefined
  204 | #define traceTASK_NOTIFY_TAKE(index)                                                 SEGGER_SYSVIEW_RecordU32x2(apiID_OFFSET + apiID_ULTASKNOTIFYTAKE, xClearCountOnExit, xTicksToWait)
      | 
/home/lenovo/Documents/embedded-c-practice/RTOS/002_TaskswithSeggerIntegraration/ThirdParty/SEGGER/OS/SEGGER_SYSVIEW_FreeRTOS.h:198: note: this is the location of the previous definition
  198 | #define traceTASK_NOTIFY_TAKE(index) SEGGER_SYSVIEW_RecordU32x2(...)
      | 
/home/lenovo/Documents/embedded-c-practice/RTOS/002_TaskswithSeggerIntegraration/ThirdParty/SEGGER/OS/SEGGER_SYSVIEW_FreeRTOS.h:219: warning: "traceTASK_NOTIFY_WAIT" redefined
  219 | #define traceTASK_NOTIFY_WAIT(index)                                                SEGGER_SYSVIEW_RecordU32x4(apiID_OFFSET + apiID_XTASKNOTIFYWAIT, ulBitsToClearOnEntry, ulBitsToClearOnExit, (U32)pulNotificationValue, xTicksToWait)
      | 
/home/lenovo/Documents/embedded-c-practice/RTOS/002_TaskswithSeggerIntegraration/ThirdParty/SEGGER/OS/SEGGER_SYSVIEW_FreeRTOS.h:201: note: this is the location of the previous definition
  201 | #define traceTASK_NOTIFY_WAIT(index) SEGGER_SYSVIEW_RecordU32x4(...)
      | 
arm-none-eabi-gcc "../ThirdParty/FreeRTOS/portable/MemMang/heap_4.c" -mcpu=cortex-m4 -std=gnu11 -g3 -DDEBUG -DUSE_HAL_DRIVER -DSTM32F446xx -c -I../Core/Inc -I"/home/lenovo/Documents/embedded-c-practice/RTOS/002_TaskswithSeggerIntegraration/ThirdParty/SEGGER/Config" -I"/home/lenovo/Documents/embedded-c-practice/RTOS/002_TaskswithSeggerIntegraration/ThirdParty/SEGGER/OS" -I"/home/lenovo/Documents/embedded-c-practice/RTOS/002_TaskswithSeggerIntegraration/ThirdParty/SEGGER/SEGGER" -I"/home/lenovo/Documents/embedded-c-practice/RTOS/002_TaskswithSeggerIntegraration/ThirdParty/FreeRTOS" -I"/home/lenovo/Documents/embedded-c-practice/RTOS/002_TaskswithSeggerIntegraration/ThirdParty/FreeRTOS/include" -I"/home/lenovo/Documents/embedded-c-practice/RTOS/002_TaskswithSeggerIntegraration/ThirdParty/FreeRTOS/portable/GCC/ARM_CM4F" -I../Drivers/STM32F4xx_HAL_Driver/Inc -I../Drivers/STM32F4xx_HAL_Driver/Inc/Legacy -I../Drivers/CMSIS/Device/ST/STM32F4xx/Include -O0 -ffunction-sections -fdata-sections -Wall -fstack-usage -fcyclomatic-complexity -MMD -MP -MF"ThirdParty/FreeRTOS/portable/MemMang/heap_4.d" -MT"ThirdParty/FreeRTOS/portable/MemMang/heap_4.o" --specs=nano.specs -mfpu=fpv4-sp-d16 -mfloat-abi=hard -mthumb -o "ThirdParty/FreeRTOS/portable/MemMang/heap_4.o"
arm-none-eabi-gcc "../ThirdParty/FreeRTOS/portable/GCC/ARM_CM4F/port.c" -mcpu=cortex-m4 -std=gnu11 -g3 -DDEBUG -DUSE_HAL_DRIVER -DSTM32F446xx -c -I../Core/Inc -I"/home/lenovo/Documents/embedded-c-practice/RTOS/002_TaskswithSeggerIntegraration/ThirdParty/SEGGER/Config" -I"/home/lenovo/Documents/embedded-c-practice/RTOS/002_TaskswithSeggerIntegraration/ThirdParty/SEGGER/OS" -I"/home/lenovo/Documents/embedded-c-practice/RTOS/002_TaskswithSeggerIntegraration/ThirdParty/SEGGER/SEGGER" -I"/home/lenovo/Documents/embedded-c-practice/RTOS/002_TaskswithSeggerIntegraration/ThirdParty/FreeRTOS" -I"/home/lenovo/Documents/embedded-c-practice/RTOS/002_TaskswithSeggerIntegraration/ThirdParty/FreeRTOS/include" -I"/home/lenovo/Documents/embedded-c-practice/RTOS/002_TaskswithSeggerIntegraration/ThirdParty/FreeRTOS/portable/GCC/ARM_CM4F" -I../Drivers/STM32F4xx_HAL_Driver/Inc -I../Drivers/STM32F4xx_HAL_Driver/Inc/Legacy -I../Drivers/CMSIS/Device/ST/STM32F4xx/Include -O0 -ffunction-sections -fdata-sections -Wall -fstack-usage -fcyclomatic-complexity -MMD -MP -MF"ThirdParty/FreeRTOS/portable/GCC/ARM_CM4F/port.d" -MT"ThirdParty/FreeRTOS/portable/GCC/ARM_CM4F/port.o" --specs=nano.specs -mfpu=fpv4-sp-d16 -mfloat-abi=hard -mthumb -o "ThirdParty/FreeRTOS/portable/GCC/ARM_CM4F/port.o"
arm-none-eabi-gcc "../ThirdParty/FreeRTOS/croutine.c" -mcpu=cortex-m4 -std=gnu11 -g3 -DDEBUG -DUSE_HAL_DRIVER -DSTM32F446xx -c -I../Core/Inc -I"/home/lenovo/Documents/embedded-c-practice/RTOS/002_TaskswithSeggerIntegraration/ThirdParty/SEGGER/Config" -I"/home/lenovo/Documents/embedded-c-practice/RTOS/002_TaskswithSeggerIntegraration/ThirdParty/SEGGER/OS" -I"/home/lenovo/Documents/embedded-c-practice/RTOS/002_TaskswithSeggerIntegraration/ThirdParty/SEGGER/SEGGER" -I"/home/lenovo/Documents/embedded-c-practice/RTOS/002_TaskswithSeggerIntegraration/ThirdParty/FreeRTOS" -I"/home/lenovo/Documents/embedded-c-practice/RTOS/002_TaskswithSeggerIntegraration/ThirdParty/FreeRTOS/include" -I"/home/lenovo/Documents/embedded-c-practice/RTOS/002_TaskswithSeggerIntegraration/ThirdParty/FreeRTOS/portable/GCC/ARM_CM4F" -I../Drivers/STM32F4xx_HAL_Driver/Inc -I../Drivers/STM32F4xx_HAL_Driver/Inc/Legacy -I../Drivers/CMSIS/Device/ST/STM32F4xx/Include -O0 -ffunction-sections -fdata-sections -Wall -fstack-usage -fcyclomatic-complexity -MMD -MP -MF"ThirdParty/FreeRTOS/croutine.d" -MT"ThirdParty/FreeRTOS/croutine.o" --specs=nano.specs -mfpu=fpv4-sp-d16 -mfloat-abi=hard -mthumb -o "ThirdParty/FreeRTOS/croutine.o"
In file included from /home/lenovo/Documents/embedded-c-practice/RTOS/002_TaskswithSeggerIntegraration/ThirdParty/FreeRTOS/FreeRTOSConfig.h:129,
                 from /home/lenovo/Documents/embedded-c-practice/RTOS/002_TaskswithSeggerIntegraration/ThirdParty/FreeRTOS/include/FreeRTOS.h:64,
                 from ../ThirdParty/FreeRTOS/portable/GCC/ARM_CM4F/port.c:34:
/home/lenovo/Documents/embedded-c-practice/RTOS/002_TaskswithSeggerIntegraration/ThirdParty/SEGGER/OS/SEGGER_SYSVIEW_FreeRTOS.h:204: warning: "traceTASK_NOTIFY_TAKE" redefined
  204 | #define traceTASK_NOTIFY_TAKE(index)                                                 SEGGER_SYSVIEW_RecordU32x2(apiID_OFFSET + apiID_ULTASKNOTIFYTAKE, xClearCountOnExit, xTicksToWait)
      | 
/home/lenovo/Documents/embedded-c-practice/RTOS/002_TaskswithSeggerIntegraration/ThirdParty/SEGGER/OS/SEGGER_SYSVIEW_FreeRTOS.h:198: note: this is the location of the previous definition
  198 | #define traceTASK_NOTIFY_TAKE(index) SEGGER_SYSVIEW_RecordU32x2(...)
      | 
/home/lenovo/Documents/embedded-c-practice/RTOS/002_TaskswithSeggerIntegraration/ThirdParty/SEGGER/OS/SEGGER_SYSVIEW_FreeRTOS.h:219: warning: "traceTASK_NOTIFY_WAIT" redefined
  219 | #define traceTASK_NOTIFY_WAIT(index)                                                SEGGER_SYSVIEW_RecordU32x4(apiID_OFFSET + apiID_XTASKNOTIFYWAIT, ulBitsToClearOnEntry, ulBitsToClearOnExit, (U32)pulNotificationValue, xTicksToWait)
      | 
/home/lenovo/Documents/embedded-c-practice/RTOS/002_TaskswithSeggerIntegraration/ThirdParty/SEGGER/OS/SEGGER_SYSVIEW_FreeRTOS.h:201: note: this is the location of the previous definition
  201 | #define traceTASK_NOTIFY_WAIT(index) SEGGER_SYSVIEW_RecordU32x4(...)
      | 
In file included from /home/lenovo/Documents/embedded-c-practice/RTOS/002_TaskswithSeggerIntegraration/ThirdParty/FreeRTOS/FreeRTOSConfig.h:129,
                 from /home/lenovo/Documents/embedded-c-practice/RTOS/002_TaskswithSeggerIntegraration/ThirdParty/FreeRTOS/include/FreeRTOS.h:64,
                 from ../ThirdParty/FreeRTOS/portable/MemMang/heap_4.c:45:
/home/lenovo/Documents/embedded-c-practice/RTOS/002_TaskswithSeggerIntegraration/ThirdParty/SEGGER/OS/SEGGER_SYSVIEW_FreeRTOS.h:204: warning: "traceTASK_NOTIFY_TAKE" redefined
  204 | #define traceTASK_NOTIFY_TAKE(index)                                                 SEGGER_SYSVIEW_RecordU32x2(apiID_OFFSET + apiID_ULTASKNOTIFYTAKE, xClearCountOnExit, xTicksToWait)
      | 
/home/lenovo/Documents/embedded-c-practice/RTOS/002_TaskswithSeggerIntegraration/ThirdParty/SEGGER/OS/SEGGER_SYSVIEW_FreeRTOS.h:198: note: this is the location of the previous definition
  198 | #define traceTASK_NOTIFY_TAKE(index) SEGGER_SYSVIEW_RecordU32x2(...)
      | 
/home/lenovo/Documents/embedded-c-practice/RTOS/002_TaskswithSeggerIntegraration/ThirdParty/SEGGER/OS/SEGGER_SYSVIEW_FreeRTOS.h:219: warning: "traceTASK_NOTIFY_WAIT" redefined
  219 | #define traceTASK_NOTIFY_WAIT(index)                                                SEGGER_SYSVIEW_RecordU32x4(apiID_OFFSET + apiID_XTASKNOTIFYWAIT, ulBitsToClearOnEntry, ulBitsToClearOnExit, (U32)pulNotificationValue, xTicksToWait)
      | 
/home/lenovo/Documents/embedded-c-practice/RTOS/002_TaskswithSeggerIntegraration/ThirdParty/SEGGER/OS/SEGGER_SYSVIEW_FreeRTOS.h:201: note: this is the location of the previous definition
  201 | #define traceTASK_NOTIFY_WAIT(index) SEGGER_SYSVIEW_RecordU32x4(...)
      | 
In file included from /home/lenovo/Documents/embedded-c-practice/RTOS/002_TaskswithSeggerIntegraration/ThirdParty/FreeRTOS/FreeRTOSConfig.h:129,
                 from /home/lenovo/Documents/embedded-c-practice/RTOS/002_TaskswithSeggerIntegraration/ThirdParty/FreeRTOS/include/FreeRTOS.h:64,
                 from ../ThirdParty/FreeRTOS/croutine.c:29:
/home/lenovo/Documents/embedded-c-practice/RTOS/002_TaskswithSeggerIntegraration/ThirdParty/SEGGER/OS/SEGGER_SYSVIEW_FreeRTOS.h:204: warning: "traceTASK_NOTIFY_TAKE" redefined
  204 | #define traceTASK_NOTIFY_TAKE(index)                                                 SEGGER_SYSVIEW_RecordU32x2(apiID_OFFSET + apiID_ULTASKNOTIFYTAKE, xClearCountOnExit, xTicksToWait)
      | 
/home/lenovo/Documents/embedded-c-practice/RTOS/002_TaskswithSeggerIntegraration/ThirdParty/SEGGER/OS/SEGGER_SYSVIEW_FreeRTOS.h:198: note: this is the location of the previous definition
  198 | #define traceTASK_NOTIFY_TAKE(index) SEGGER_SYSVIEW_RecordU32x2(...)
      | 
/home/lenovo/Documents/embedded-c-practice/RTOS/002_TaskswithSeggerIntegraration/ThirdParty/SEGGER/OS/SEGGER_SYSVIEW_FreeRTOS.h:219: warning: "traceTASK_NOTIFY_WAIT" redefined
  219 | #define traceTASK_NOTIFY_WAIT(index)                                                SEGGER_SYSVIEW_RecordU32x4(apiID_OFFSET + apiID_XTASKNOTIFYWAIT, ulBitsToClearOnEntry, ulBitsToClearOnExit, (U32)pulNotificationValue, xTicksToWait)
      | 
/home/lenovo/Documents/embedded-c-practice/RTOS/002_TaskswithSeggerIntegraration/ThirdParty/SEGGER/OS/SEGGER_SYSVIEW_FreeRTOS.h:201: note: this is the location of the previous definition
  201 | #define traceTASK_NOTIFY_WAIT(index) SEGGER_SYSVIEW_RecordU32x4(...)
      | 
arm-none-eabi-gcc "../ThirdParty/FreeRTOS/event_groups.c" -mcpu=cortex-m4 -std=gnu11 -g3 -DDEBUG -DUSE_HAL_DRIVER -DSTM32F446xx -c -I../Core/Inc -I"/home/lenovo/Documents/embedded-c-practice/RTOS/002_TaskswithSeggerIntegraration/ThirdParty/SEGGER/Config" -I"/home/lenovo/Documents/embedded-c-practice/RTOS/002_TaskswithSeggerIntegraration/ThirdParty/SEGGER/OS" -I"/home/lenovo/Documents/embedded-c-practice/RTOS/002_TaskswithSeggerIntegraration/ThirdParty/SEGGER/SEGGER" -I"/home/lenovo/Documents/embedded-c-practice/RTOS/002_TaskswithSeggerIntegraration/ThirdParty/FreeRTOS" -I"/home/lenovo/Documents/embedded-c-practice/RTOS/002_TaskswithSeggerIntegraration/ThirdParty/FreeRTOS/include" -I"/home/lenovo/Documents/embedded-c-practice/RTOS/002_TaskswithSeggerIntegraration/ThirdParty/FreeRTOS/portable/GCC/ARM_CM4F" -I../Drivers/STM32F4xx_HAL_Driver/Inc -I../Drivers/STM32F4xx_HAL_Driver/Inc/Legacy -I../Drivers/CMSIS/Device/ST/STM32F4xx/Include -O0 -ffunction-sections -fdata-sections -Wall -fstack-usage -fcyclomatic-complexity -MMD -MP -MF"ThirdParty/FreeRTOS/event_groups.d" -MT"ThirdParty/FreeRTOS/event_groups.o" --specs=nano.specs -mfpu=fpv4-sp-d16 -mfloat-abi=hard -mthumb -o "ThirdParty/FreeRTOS/event_groups.o"
arm-none-eabi-gcc "../ThirdParty/FreeRTOS/list.c" -mcpu=cortex-m4 -std=gnu11 -g3 -DDEBUG -DUSE_HAL_DRIVER -DSTM32F446xx -c -I../Core/Inc -I"/home/lenovo/Documents/embedded-c-practice/RTOS/002_TaskswithSeggerIntegraration/ThirdParty/SEGGER/Config" -I"/home/lenovo/Documents/embedded-c-practice/RTOS/002_TaskswithSeggerIntegraration/ThirdParty/SEGGER/OS" -I"/home/lenovo/Documents/embedded-c-practice/RTOS/002_TaskswithSeggerIntegraration/ThirdParty/SEGGER/SEGGER" -I"/home/lenovo/Documents/embedded-c-practice/RTOS/002_TaskswithSeggerIntegraration/ThirdParty/FreeRTOS" -I"/home/lenovo/Documents/embedded-c-practice/RTOS/002_TaskswithSeggerIntegraration/ThirdParty/FreeRTOS/include" -I"/home/lenovo/Documents/embedded-c-practice/RTOS/002_TaskswithSeggerIntegraration/ThirdParty/FreeRTOS/portable/GCC/ARM_CM4F" -I../Drivers/STM32F4xx_HAL_Driver/Inc -I../Drivers/STM32F4xx_HAL_Driver/Inc/Legacy -I../Drivers/CMSIS/Device/ST/STM32F4xx/Include -O0 -ffunction-sections -fdata-sections -Wall -fstack-usage -fcyclomatic-complexity -MMD -MP -MF"ThirdParty/FreeRTOS/list.d" -MT"ThirdParty/FreeRTOS/list.o" --specs=nano.specs -mfpu=fpv4-sp-d16 -mfloat-abi=hard -mthumb -o "ThirdParty/FreeRTOS/list.o"
arm-none-eabi-gcc "../ThirdParty/FreeRTOS/queue.c" -mcpu=cortex-m4 -std=gnu11 -g3 -DDEBUG -DUSE_HAL_DRIVER -DSTM32F446xx -c -I../Core/Inc -I"/home/lenovo/Documents/embedded-c-practice/RTOS/002_TaskswithSeggerIntegraration/ThirdParty/SEGGER/Config" -I"/home/lenovo/Documents/embedded-c-practice/RTOS/002_TaskswithSeggerIntegraration/ThirdParty/SEGGER/OS" -I"/home/lenovo/Documents/embedded-c-practice/RTOS/002_TaskswithSeggerIntegraration/ThirdParty/SEGGER/SEGGER" -I"/home/lenovo/Documents/embedded-c-practice/RTOS/002_TaskswithSeggerIntegraration/ThirdParty/FreeRTOS" -I"/home/lenovo/Documents/embedded-c-practice/RTOS/002_TaskswithSeggerIntegraration/ThirdParty/FreeRTOS/include" -I"/home/lenovo/Documents/embedded-c-practice/RTOS/002_TaskswithSeggerIntegraration/ThirdParty/FreeRTOS/portable/GCC/ARM_CM4F" -I../Drivers/STM32F4xx_HAL_Driver/Inc -I../Drivers/STM32F4xx_HAL_Driver/Inc/Legacy -I../Drivers/CMSIS/Device/ST/STM32F4xx/Include -O0 -ffunction-sections -fdata-sections -Wall -fstack-usage -fcyclomatic-complexity -MMD -MP -MF"ThirdParty/FreeRTOS/queue.d" -MT"ThirdParty/FreeRTOS/queue.o" --specs=nano.specs -mfpu=fpv4-sp-d16 -mfloat-abi=hard -mthumb -o "ThirdParty/FreeRTOS/queue.o"
In file included from /home/lenovo/Documents/embedded-c-practice/RTOS/002_TaskswithSeggerIntegraration/ThirdParty/FreeRTOS/FreeRTOSConfig.h:129,
                 from /home/lenovo/Documents/embedded-c-practice/RTOS/002_TaskswithSeggerIntegraration/ThirdParty/FreeRTOS/include/FreeRTOS.h:64,
                 from ../ThirdParty/FreeRTOS/list.c:37:
/home/lenovo/Documents/embedded-c-practice/RTOS/002_TaskswithSeggerIntegraration/ThirdParty/SEGGER/OS/SEGGER_SYSVIEW_FreeRTOS.h:204: warning: "traceTASK_NOTIFY_TAKE" redefined
  204 | #define traceTASK_NOTIFY_TAKE(index)                                                 SEGGER_SYSVIEW_RecordU32x2(apiID_OFFSET + apiID_ULTASKNOTIFYTAKE, xClearCountOnExit, xTicksToWait)
      | 
/home/lenovo/Documents/embedded-c-practice/RTOS/002_TaskswithSeggerIntegraration/ThirdParty/SEGGER/OS/SEGGER_SYSVIEW_FreeRTOS.h:198: note: this is the location of the previous definition
  198 | #define traceTASK_NOTIFY_TAKE(index) SEGGER_SYSVIEW_RecordU32x2(...)
      | 
/home/lenovo/Documents/embedded-c-practice/RTOS/002_TaskswithSeggerIntegraration/ThirdParty/SEGGER/OS/SEGGER_SYSVIEW_FreeRTOS.h:219: warning: "traceTASK_NOTIFY_WAIT" redefined
  219 | #define traceTASK_NOTIFY_WAIT(index)                                                SEGGER_SYSVIEW_RecordU32x4(apiID_OFFSET + apiID_XTASKNOTIFYWAIT, ulBitsToClearOnEntry, ulBitsToClearOnExit, (U32)pulNotificationValue, xTicksToWait)
      | 
/home/lenovo/Documents/embedded-c-practice/RTOS/002_TaskswithSeggerIntegraration/ThirdParty/SEGGER/OS/SEGGER_SYSVIEW_FreeRTOS.h:201: note: this is the location of the previous definition
  201 | #define traceTASK_NOTIFY_WAIT(index) SEGGER_SYSVIEW_RecordU32x4(...)
      | 
In file included from /home/lenovo/Documents/embedded-c-practice/RTOS/002_TaskswithSeggerIntegraration/ThirdParty/FreeRTOS/FreeRTOSConfig.h:129,
                 from /home/lenovo/Documents/embedded-c-practice/RTOS/002_TaskswithSeggerIntegraration/ThirdParty/FreeRTOS/include/FreeRTOS.h:64,
                 from ../ThirdParty/FreeRTOS/event_groups.c:38:
/home/lenovo/Documents/embedded-c-practice/RTOS/002_TaskswithSeggerIntegraration/ThirdParty/SEGGER/OS/SEGGER_SYSVIEW_FreeRTOS.h:204: warning: "traceTASK_NOTIFY_TAKE" redefined
  204 | #define traceTASK_NOTIFY_TAKE(index)                                                 SEGGER_SYSVIEW_RecordU32x2(apiID_OFFSET + apiID_ULTASKNOTIFYTAKE, xClearCountOnExit, xTicksToWait)
      | 
/home/lenovo/Documents/embedded-c-practice/RTOS/002_TaskswithSeggerIntegraration/ThirdParty/SEGGER/OS/SEGGER_SYSVIEW_FreeRTOS.h:198: note: this is the location of the previous definition
  198 | #define traceTASK_NOTIFY_TAKE(index) SEGGER_SYSVIEW_RecordU32x2(...)
      | 
/home/lenovo/Documents/embedded-c-practice/RTOS/002_TaskswithSeggerIntegraration/ThirdParty/SEGGER/OS/SEGGER_SYSVIEW_FreeRTOS.h:219: warning: "traceTASK_NOTIFY_WAIT" redefined
  219 | #define traceTASK_NOTIFY_WAIT(index)                                                SEGGER_SYSVIEW_RecordU32x4(apiID_OFFSET + apiID_XTASKNOTIFYWAIT, ulBitsToClearOnEntry, ulBitsToClearOnExit, (U32)pulNotificationValue, xTicksToWait)
      | 
/home/lenovo/Documents/embedded-c-practice/RTOS/002_TaskswithSeggerIntegraration/ThirdParty/SEGGER/OS/SEGGER_SYSVIEW_FreeRTOS.h:201: note: this is the location of the previous definition
  201 | #define traceTASK_NOTIFY_WAIT(index) SEGGER_SYSVIEW_RecordU32x4(...)
      | 
arm-none-eabi-gcc "../ThirdParty/FreeRTOS/stream_buffer.c" -mcpu=cortex-m4 -std=gnu11 -g3 -DDEBUG -DUSE_HAL_DRIVER -DSTM32F446xx -c -I../Core/Inc -I"/home/lenovo/Documents/embedded-c-practice/RTOS/002_TaskswithSeggerIntegraration/ThirdParty/SEGGER/Config" -I"/home/lenovo/Documents/embedded-c-practice/RTOS/002_TaskswithSeggerIntegraration/ThirdParty/SEGGER/OS" -I"/home/lenovo/Documents/embedded-c-practice/RTOS/002_TaskswithSeggerIntegraration/ThirdParty/SEGGER/SEGGER" -I"/home/lenovo/Documents/embedded-c-practice/RTOS/002_TaskswithSeggerIntegraration/ThirdParty/FreeRTOS" -I"/home/lenovo/Documents/embedded-c-practice/RTOS/002_TaskswithSeggerIntegraration/ThirdParty/FreeRTOS/include" -I"/home/lenovo/Documents/embedded-c-practice/RTOS/002_TaskswithSeggerIntegraration/ThirdParty/FreeRTOS/portable/GCC/ARM_CM4F" -I../Drivers/STM32F4xx_HAL_Driver/Inc -I../Drivers/STM32F4xx_HAL_Driver/Inc/Legacy -I../Drivers/CMSIS/Device/ST/STM32F4xx/Include -O0 -ffunction-sections -fdata-sections -Wall -fstack-usage -fcyclomatic-complexity -MMD -MP -MF"ThirdParty/FreeRTOS/stream_buffer.d" -MT"ThirdParty/FreeRTOS/stream_buffer.o" --specs=nano.specs -mfpu=fpv4-sp-d16 -mfloat-abi=hard -mthumb -o "ThirdParty/FreeRTOS/stream_buffer.o"
arm-none-eabi-gcc "../ThirdParty/FreeRTOS/tasks.c" -mcpu=cortex-m4 -std=gnu11 -g3 -DDEBUG -DUSE_HAL_DRIVER -DSTM32F446xx -c -I../Core/Inc -I"/home/lenovo/Documents/embedded-c-practice/RTOS/002_TaskswithSeggerIntegraration/ThirdParty/SEGGER/Config" -I"/home/lenovo/Documents/embedded-c-practice/RTOS/002_TaskswithSeggerIntegraration/ThirdParty/SEGGER/OS" -I"/home/lenovo/Documents/embedded-c-practice/RTOS/002_TaskswithSeggerIntegraration/ThirdParty/SEGGER/SEGGER" -I"/home/lenovo/Documents/embedded-c-practice/RTOS/002_TaskswithSeggerIntegraration/ThirdParty/FreeRTOS" -I"/home/lenovo/Documents/embedded-c-practice/RTOS/002_TaskswithSeggerIntegraration/ThirdParty/FreeRTOS/include" -I"/home/lenovo/Documents/embedded-c-practice/RTOS/002_TaskswithSeggerIntegraration/ThirdParty/FreeRTOS/portable/GCC/ARM_CM4F" -I../Drivers/STM32F4xx_HAL_Driver/Inc -I../Drivers/STM32F4xx_HAL_Driver/Inc/Legacy -I../Drivers/CMSIS/Device/ST/STM32F4xx/Include -O0 -ffunction-sections -fdata-sections -Wall -fstack-usage -fcyclomatic-complexity -MMD -MP -MF"ThirdParty/FreeRTOS/tasks.d" -MT"ThirdParty/FreeRTOS/tasks.o" --specs=nano.specs -mfpu=fpv4-sp-d16 -mfloat-abi=hard -mthumb -o "ThirdParty/FreeRTOS/tasks.o"
In file included from /home/lenovo/Documents/embedded-c-practice/RTOS/002_TaskswithSeggerIntegraration/ThirdParty/FreeRTOS/FreeRTOSConfig.h:129,
                 from /home/lenovo/Documents/embedded-c-practice/RTOS/002_TaskswithSeggerIntegraration/ThirdParty/FreeRTOS/include/FreeRTOS.h:64,
                 from ../ThirdParty/FreeRTOS/queue.c:37:
/home/lenovo/Documents/embedded-c-practice/RTOS/002_TaskswithSeggerIntegraration/ThirdParty/SEGGER/OS/SEGGER_SYSVIEW_FreeRTOS.h:204: warning: "traceTASK_NOTIFY_TAKE" redefined
  204 | #define traceTASK_NOTIFY_TAKE(index)                                                 SEGGER_SYSVIEW_RecordU32x2(apiID_OFFSET + apiID_ULTASKNOTIFYTAKE, xClearCountOnExit, xTicksToWait)
      | 
/home/lenovo/Documents/embedded-c-practice/RTOS/002_TaskswithSeggerIntegraration/ThirdParty/SEGGER/OS/SEGGER_SYSVIEW_FreeRTOS.h:198: note: this is the location of the previous definition
  198 | #define traceTASK_NOTIFY_TAKE(index) SEGGER_SYSVIEW_RecordU32x2(...)
      | 
/home/lenovo/Documents/embedded-c-practice/RTOS/002_TaskswithSeggerIntegraration/ThirdParty/SEGGER/OS/SEGGER_SYSVIEW_FreeRTOS.h:219: warning: "traceTASK_NOTIFY_WAIT" redefined
  219 | #define traceTASK_NOTIFY_WAIT(index)                                                SEGGER_SYSVIEW_RecordU32x4(apiID_OFFSET + apiID_XTASKNOTIFYWAIT, ulBitsToClearOnEntry, ulBitsToClearOnExit, (U32)pulNotificationValue, xTicksToWait)
      | 
/home/lenovo/Documents/embedded-c-practice/RTOS/002_TaskswithSeggerIntegraration/ThirdParty/SEGGER/OS/SEGGER_SYSVIEW_FreeRTOS.h:201: note: this is the location of the previous definition
  201 | #define traceTASK_NOTIFY_WAIT(index) SEGGER_SYSVIEW_RecordU32x4(...)
      | 
In file included from /home/lenovo/Documents/embedded-c-practice/RTOS/002_TaskswithSeggerIntegraration/ThirdParty/FreeRTOS/FreeRTOSConfig.h:129,
                 from /home/lenovo/Documents/embedded-c-practice/RTOS/002_TaskswithSeggerIntegraration/ThirdParty/FreeRTOS/include/FreeRTOS.h:64,
                 from ../ThirdParty/FreeRTOS/stream_buffer.c:38:
/home/lenovo/Documents/embedded-c-practice/RTOS/002_TaskswithSeggerIntegraration/ThirdParty/SEGGER/OS/SEGGER_SYSVIEW_FreeRTOS.h:204: warning: "traceTASK_NOTIFY_TAKE" redefined
  204 | #define traceTASK_NOTIFY_TAKE(index)                                                 SEGGER_SYSVIEW_RecordU32x2(apiID_OFFSET + apiID_ULTASKNOTIFYTAKE, xClearCountOnExit, xTicksToWait)
      | 
/home/lenovo/Documents/embedded-c-practice/RTOS/002_TaskswithSeggerIntegraration/ThirdParty/SEGGER/OS/SEGGER_SYSVIEW_FreeRTOS.h:198: note: this is the location of the previous definition
  198 | #define traceTASK_NOTIFY_TAKE(index) SEGGER_SYSVIEW_RecordU32x2(...)
      | 
/home/lenovo/Documents/embedded-c-practice/RTOS/002_TaskswithSeggerIntegraration/ThirdParty/SEGGER/OS/SEGGER_SYSVIEW_FreeRTOS.h:219: warning: "traceTASK_NOTIFY_WAIT" redefined
  219 | #define traceTASK_NOTIFY_WAIT(index)                                                SEGGER_SYSVIEW_RecordU32x4(apiID_OFFSET + apiID_XTASKNOTIFYWAIT, ulBitsToClearOnEntry, ulBitsToClearOnExit, (U32)pulNotificationValue, xTicksToWait)
      | 
/home/lenovo/Documents/embedded-c-practice/RTOS/002_TaskswithSeggerIntegraration/ThirdParty/SEGGER/OS/SEGGER_SYSVIEW_FreeRTOS.h:201: note: this is the location of the previous definition
  201 | #define traceTASK_NOTIFY_WAIT(index) SEGGER_SYSVIEW_RecordU32x4(...)
      | 
In file included from /home/lenovo/Documents/embedded-c-practice/RTOS/002_TaskswithSeggerIntegraration/ThirdParty/FreeRTOS/FreeRTOSConfig.h:129,
                 from /home/lenovo/Documents/embedded-c-practice/RTOS/002_TaskswithSeggerIntegraration/ThirdParty/FreeRTOS/include/FreeRTOS.h:64,
                 from ../ThirdParty/FreeRTOS/tasks.c:39:
/home/lenovo/Documents/embedded-c-practice/RTOS/002_TaskswithSeggerIntegraration/ThirdParty/SEGGER/OS/SEGGER_SYSVIEW_FreeRTOS.h:204: warning: "traceTASK_NOTIFY_TAKE" redefined
  204 | #define traceTASK_NOTIFY_TAKE(index)                                                 SEGGER_SYSVIEW_RecordU32x2(apiID_OFFSET + apiID_ULTASKNOTIFYTAKE, xClearCountOnExit, xTicksToWait)
      | 
/home/lenovo/Documents/embedded-c-practice/RTOS/002_TaskswithSeggerIntegraration/ThirdParty/SEGGER/OS/SEGGER_SYSVIEW_FreeRTOS.h:198: note: this is the location of the previous definition
  198 | #define traceTASK_NOTIFY_TAKE(index) SEGGER_SYSVIEW_RecordU32x2(...)
      | 
/home/lenovo/Documents/embedded-c-practice/RTOS/002_TaskswithSeggerIntegraration/ThirdParty/SEGGER/OS/SEGGER_SYSVIEW_FreeRTOS.h:219: warning: "traceTASK_NOTIFY_WAIT" redefined
  219 | #define traceTASK_NOTIFY_WAIT(index)                                                SEGGER_SYSVIEW_RecordU32x4(apiID_OFFSET + apiID_XTASKNOTIFYWAIT, ulBitsToClearOnEntry, ulBitsToClearOnExit, (U32)pulNotificationValue, xTicksToWait)
      | 
/home/lenovo/Documents/embedded-c-practice/RTOS/002_TaskswithSeggerIntegraration/ThirdParty/SEGGER/OS/SEGGER_SYSVIEW_FreeRTOS.h:201: note: this is the location of the previous definition
  201 | #define traceTASK_NOTIFY_WAIT(index) SEGGER_SYSVIEW_RecordU32x4(...)
      | 
../ThirdParty/FreeRTOS/tasks.c: In function 'xTaskGenericNotify':
../ThirdParty/FreeRTOS/tasks.c:7903:47: error: macro "traceTASK_NOTIFY" passed 1 arguments, but takes just 0
 7903 |             traceTASK_NOTIFY( uxIndexToNotify );
      |                                               ^
/home/lenovo/Documents/embedded-c-practice/RTOS/002_TaskswithSeggerIntegraration/ThirdParty/SEGGER/OS/SEGGER_SYSVIEW_FreeRTOS.h:216: note: macro "traceTASK_NOTIFY" defined here
  216 | #define traceTASK_NOTIFY()                                                      SEGGER_SYSVIEW_RecordU32x4(apiID_OFFSET + apiID_XTASKGENERICNOTIFY, SEGGER_SYSVIEW_ShrinkId((U32)pxTCB), ulValue, eAction, (U32)pulPreviousNotificationValue)
      | 
../ThirdParty/FreeRTOS/tasks.c:7903:13: error: 'traceTASK_NOTIFY' undeclared (first use in this function)
 7903 |             traceTASK_NOTIFY( uxIndexToNotify );
      |             ^~~~~~~~~~~~~~~~
../ThirdParty/FreeRTOS/tasks.c:7903:13: note: each undeclared identifier is reported only once for each function it appears in
../ThirdParty/FreeRTOS/tasks.c: In function 'xTaskGenericNotifyFromISR':
../ThirdParty/FreeRTOS/tasks.c:8045:56: error: macro "traceTASK_NOTIFY_FROM_ISR" passed 1 arguments, but takes just 0
 8045 |             traceTASK_NOTIFY_FROM_ISR( uxIndexToNotify );
      |                                                        ^
/home/lenovo/Documents/embedded-c-practice/RTOS/002_TaskswithSeggerIntegraration/ThirdParty/SEGGER/OS/SEGGER_SYSVIEW_FreeRTOS.h:217: note: macro "traceTASK_NOTIFY_FROM_ISR" defined here
  217 | #define traceTASK_NOTIFY_FROM_ISR()                                             SEGGER_SYSVIEW_RecordU32x5(apiID_OFFSET + apiID_XTASKGENERICNOTIFYFROMISR, SEGGER_SYSVIEW_ShrinkId((U32)pxTCB), ulValue, eAction, (U32)pulPreviousNotificationValue, (U32)pxHigherPriorityTaskWoken)
      | 
../ThirdParty/FreeRTOS/tasks.c:8045:13: error: 'traceTASK_NOTIFY_FROM_ISR' undeclared (first use in this function)
 8045 |             traceTASK_NOTIFY_FROM_ISR( uxIndexToNotify );
      |             ^~~~~~~~~~~~~~~~~~~~~~~~~
../ThirdParty/FreeRTOS/tasks.c: In function 'vTaskGenericNotifyGiveFromISR':
../ThirdParty/FreeRTOS/tasks.c:8163:61: error: macro "traceTASK_NOTIFY_GIVE_FROM_ISR" passed 1 arguments, but takes just 0
 8163 |             traceTASK_NOTIFY_GIVE_FROM_ISR( uxIndexToNotify );
      |                                                             ^
/home/lenovo/Documents/embedded-c-practice/RTOS/002_TaskswithSeggerIntegraration/ThirdParty/SEGGER/OS/SEGGER_SYSVIEW_FreeRTOS.h:209: note: macro "traceTASK_NOTIFY_GIVE_FROM_ISR" defined here
  209 | #define traceTASK_NOTIFY_GIVE_FROM_ISR()                                        SEGGER_SYSVIEW_RecordU32x2(apiID_OFFSET + apiID_VTASKNOTIFYGIVEFROMISR, SEGGER_SYSVIEW_ShrinkId((U32)pxTCB), (U32)pxHigherPriorityTaskWoken)
      | 
../ThirdParty/FreeRTOS/tasks.c:8163:13: error: 'traceTASK_NOTIFY_GIVE_FROM_ISR' undeclared (first use in this function)
 8163 |             traceTASK_NOTIFY_GIVE_FROM_ISR( uxIndexToNotify );
      |             ^~~~~~~~~~~~~~~~~~~~~~~~~~~~~~
make: *** [ThirdParty/FreeRTOS/subdir.mk:37: ThirdParty/FreeRTOS/tasks.o] Error 1
make: *** Waiting for unfinished jobs....
"make -j4 all" terminated with exit code 2. Build might be incomplete.

17:26:29 Build Failed. 8 errors, 20 warnings. (took 1s.110ms)

